[ingester] Waiting for databases...
[scylla] Connected
[scylla] Schema ready
[clickhouse] Engine migration skipped (non-fatal): Syntax error: failed at position 36 ('ENGINE'): ENGINE = ReplacingMergeTree(inserted_at). Expected one of: COLUMN, ORDER
[clickhouse] Schema ready
[ingester] Both databases ready — connecting to Kafka...
[ingester] Subscribed to 'messages' | DLQ: 'messages.dlq'
{"level":"INFO","timestamp":"2026-04-04T09:42:21.653Z","logger":"kafkajs","message":"[Consumer] Starting","groupId":"senneo-ingester"}
{"level":"INFO","timestamp":"2026-04-04T09:42:21.672Z","logger":"kafkajs","message":"[ConsumerGroup] Consumer has joined the group","groupId":"senneo-ingester","memberId":"senneo-ingester-65a86e99-30e8-441b-9076-01ca88ae86b7","leaderId":"senneo-ingester-65a86e99-30e8-441b-9076-01ca88ae86b7","isLeader":true,"memberAssignment":{"messages":[0,1,10,11,12,13,14,15,2,3,4,5,6,7,8,9]},"groupProtocol":"RoundRobinAssigner","duration":19}
[ingester] Flushed 58 msgs in 614ms (~94 msg/s)
[ingester] Flushed 1 msgs in 1187ms (~1 msg/s)
[ingester] Flushed 13 msgs in 603ms (~22 msg/s)
[ingester] Flushed 47 msgs in 1190ms (~39 msg/s)
[ingester] Flushed 22 msgs in 614ms (~36 msg/s)
[ingester] Flushed 57 msgs in 1197ms (~48 msg/s)
[ingester] Flushed 88 msgs in 609ms (~144 msg/s)
[ingester] Flushed 58 msgs in 1192ms (~49 msg/s)
[ingester] Flushed 34 msgs in 623ms (~55 msg/s)
[ingester] Flushed 54 msgs in 1186ms (~46 msg/s)
[ingester] Flushed 31 msgs in 594ms (~52 msg/s)
[ingester] Flushed 19 msgs in 1196ms (~16 msg/s)
[ingester] Flushed 78 msgs in 617ms (~126 msg/s)
[ingester] Flushed 14 msgs in 1194ms (~12 msg/s)
[ingester] Flushed 27 msgs in 598ms (~45 msg/s)
[ingester] Flushed 12 msgs in 1200ms (~10 msg/s)
[ingester] Flushed 13 msgs in 631ms (~21 msg/s)
[ingester] Flushed 43 msgs in 623ms (~69 msg/s)
[ingester] Flushed 130 msgs in 620ms (~210 msg/s)
[ingester] Flushed 50 msgs in 1189ms (~42 msg/s)
[ingester] Flushed 14 msgs in 620ms (~23 msg/s)
[ingester] Flushed 53 msgs in 1193ms (~44 msg/s)
[ingester] Flushed 37 msgs in 618ms (~60 msg/s)
[ingester] Flushed 14 msgs in 1197ms (~12 msg/s)
[ingester] Flushed 48 msgs in 633ms (~76 msg/s)
[ingester] Flushed 24 msgs in 1191ms (~20 msg/s)
[ingester] Flushed 34 msgs in 634ms (~54 msg/s)
[ingester] Flushed 22 msgs in 1196ms (~18 msg/s)
[ingester] Flushed 188 msgs in 627ms (~300 msg/s)
[ingester] Flushed 51 msgs in 1189ms (~43 msg/s)
[ingester] Flushed 13 msgs in 595ms (~22 msg/s)
[ingester] Flushed 2 msgs in 1158ms (~2 msg/s)
[ingester] Flushed 31 msgs in 615ms (~50 msg/s)
[ingester] Flushed 44 msgs in 596ms (~74 msg/s)
[ingester] Flushed 73 msgs in 629ms (~116 msg/s)
[ingester] Flushed 36 msgs in 1196ms (~30 msg/s)
[ingester] Flushed 25 msgs in 635ms (~39 msg/s)
[ingester] Flushed 81 msgs in 1197ms (~68 msg/s)
[ingester] Flushed 31 msgs in 640ms (~48 msg/s)
[ingester] Flushed 47 msgs in 1191ms (~39 msg/s)
[ingester] Flushed 80 msgs in 641ms (~125 msg/s)
[ingester] Flushed 67 msgs in 1195ms (~56 msg/s)
[ingester] Flushed 23 msgs in 656ms (~35 msg/s)
[ingester] Flushed 33 msgs in 640ms (~52 msg/s)
[ingester] Flushed 30 msgs in 585ms (~51 msg/s)
[ingester] Flushed 102 msgs in 1146ms (~89 msg/s)
[ingester] Flushed 31 msgs in 641ms (~48 msg/s)
[ingester] Flushed 57 msgs in 640ms (~89 msg/s)
[ingester] Flushed 39 msgs in 588ms (~66 msg/s)
[ingester] Flushed 21 msgs in 1145ms (~18 msg/s)
[ingester] Flushed 22 msgs in 599ms (~37 msg/s)
[ingester] Flushed 2 msgs in 599ms (~3 msg/s)
[ingester] Flushed 17 msgs in 593ms (~29 msg/s)
[ingester] Flushed 43 msgs in 641ms (~67 msg/s)
[ingester] Flushed 7 msgs in 587ms (~12 msg/s)
[ingester] Flushed 20 msgs in 605ms (~33 msg/s)
[ingester] Flushed 24 msgs in 595ms (~40 msg/s)
[ingester] Flushed 15 msgs in 1141ms (~13 msg/s)
[ingester] Flushed 4 msgs in 603ms (~7 msg/s)
[ingester] Flushed 74 msgs in 602ms (~123 msg/s)
[ingester] Flushed 32 msgs in 593ms (~54 msg/s)
[ingester] Flushed 3 msgs in 593ms (~5 msg/s)
[ingester] Flushed 12 msgs in 661ms (~18 msg/s)
[ingester] Flushed 38 msgs in 637ms (~60 msg/s)
[ingester] Flushed 5 msgs in 598ms (~8 msg/s)
[ingester] Flushed 6 msgs in 599ms (~10 msg/s)
[ingester] Flushed 26 msgs in 595ms (~44 msg/s)
[ingester] Flushed 10 msgs in 611ms (~16 msg/s)
[ingester] Flushed 40 msgs in 593ms (~67 msg/s)
[ingester] Flushed 17 msgs in 664ms (~26 msg/s)
[ingester] Flushed 9 msgs in 679ms (~13 msg/s)
[ingester] Flushed 61 msgs in 666ms (~92 msg/s)
[ingester] Flushed 15 msgs in 592ms (~25 msg/s)
[ingester] Flushed 30 msgs in 597ms (~50 msg/s)
[ingester] Flushed 32 msgs in 599ms (~53 msg/s)
[ingester] Flushed 52 msgs in 599ms (~87 msg/s)
[ingester] Flushed 21 msgs in 586ms (~36 msg/s)
[ingester] Flushed 43 msgs in 599ms (~72 msg/s)
[ingester] Flushed 55 msgs in 641ms (~86 msg/s)
[ingester] Flushed 30 msgs in 643ms (~47 msg/s)
[ingester] Flushed 29 msgs in 643ms (~45 msg/s)
[ingester] Flushed 15 msgs in 602ms (~25 msg/s)
[ingester] Flushed 10 msgs in 603ms (~17 msg/s)
[ingester] Flushed 79 msgs in 1143ms (~69 msg/s)
[ingester] Flushed 16 msgs in 600ms (~27 msg/s)
[ingester] Flushed 31 msgs in 593ms (~52 msg/s)
[ingester] Flushed 7 msgs in 599ms (~12 msg/s)
[ingester] Flushed 22 msgs in 596ms (~37 msg/s)
[ingester] Flushed 44 msgs in 647ms (~68 msg/s)
[ingester] Flushed 59 msgs in 603ms (~98 msg/s)
[ingester] Flushed 48 msgs in 647ms (~74 msg/s)
[ingester] Flushed 31 msgs in 1145ms (~27 msg/s)
[ingester] Flushed 28 msgs in 640ms (~44 msg/s)
[ingester] Flushed 47 msgs in 649ms (~72 msg/s)
[ingester] Flushed 18 msgs in 647ms (~28 msg/s)
[ingester] Flushed 98 msgs in 657ms (~149 msg/s)
[ingester] Flushed 116 msgs in 597ms (~194 msg/s)
[ingester] Flushed 2 msgs in 643ms (~3 msg/s)
[ingester] Flushed 28 msgs in 638ms (~44 msg/s)
[ingester] Flushed 17 msgs in 1194ms (~14 msg/s)
[ingester] Flushed 89 msgs in 636ms (~140 msg/s)
[ingester] Flushed 13 msgs in 643ms (~20 msg/s)
[ingester] Flushed 31 msgs in 570ms (~54 msg/s)
[ingester] Flushed 31 msgs in 644ms (~48 msg/s)
[ingester] Flushed 56 msgs in 598ms (~94 msg/s)
[ingester] Flushed 41 msgs in 587ms (~70 msg/s)
[ingester] Flushed 36 msgs in 598ms (~60 msg/s)
[ingester] Flushed 56 msgs in 1195ms (~47 msg/s)
[ingester] Flushed 6 msgs in 604ms (~10 msg/s)
[ingester] Flushed 29 msgs in 1192ms (~24 msg/s)
[ingester] Flushed 14 msgs in 645ms (~22 msg/s)
[ingester] Flushed 7 msgs in 595ms (~12 msg/s)
[ingester] Flushed 16 msgs in 641ms (~25 msg/s)
[ingester] Flushed 13 msgs in 651ms (~20 msg/s)
[ingester] Flushed 20 msgs in 603ms (~33 msg/s)
[ingester] Flushed 12 msgs in 644ms (~19 msg/s)
[ingester] Flushed 2 msgs in 598ms (~3 msg/s)
[ingester] Flushed 6 msgs in 594ms (~10 msg/s)
[ingester] Flushed 20 msgs in 653ms (~31 msg/s)
[ingester] Flushed 61 msgs in 1142ms (~53 msg/s)
[ingester] Flushed 106 msgs in 645ms (~164 msg/s)
[ingester] Flushed 68 msgs in 1194ms (~57 msg/s)
[ingester] Flushed 30 msgs in 605ms (~50 msg/s)
[ingester] Flushed 62 msgs in 1146ms (~54 msg/s)
[ingester] Flushed 20 msgs in 595ms (~34 msg/s)
[ingester] Flushed 6 msgs in 589ms (~10 msg/s)
[ingester] Flushed 4 msgs in 599ms (~7 msg/s)
[ingester] Flushed 37 msgs in 603ms (~61 msg/s)
[ingester] Flushed 8 msgs in 588ms (~14 msg/s)
[ingester] Flushed 12 msgs in 597ms (~20 msg/s)
[ingester] Flushed 15 msgs in 644ms (~23 msg/s)
[ingester] Flushed 74 msgs in 606ms (~122 msg/s)
[ingester] Flushed 11 msgs in 644ms (~17 msg/s)
[ingester] Flushed 46 msgs in 650ms (~71 msg/s)
[ingester] Flushed 56 msgs in 641ms (~87 msg/s)
[ingester] Flushed 12 msgs in 648ms (~19 msg/s)
[ingester] Flushed 8 msgs in 644ms (~12 msg/s)
[ingester] Flushed 17 msgs in 647ms (~26 msg/s)
[ingester] Flushed 49 msgs in 601ms (~82 msg/s)
[ingester] Flushed 16 msgs in 1147ms (~14 msg/s)
[ingester] Flushed 6 msgs in 594ms (~10 msg/s)
[ingester] Flushed 28 msgs in 644ms (~43 msg/s)
[ingester] Flushed 46 msgs in 600ms (~77 msg/s)
[ingester] Flushed 29 msgs in 595ms (~49 msg/s)
[ingester] Flushed 1 msgs in 588ms (~2 msg/s)
[ingester] Flushed 24 msgs in 598ms (~40 msg/s)
[ingester] Flushed 29 msgs in 592ms (~49 msg/s)
[ingester] Flushed 21 msgs in 1149ms (~18 msg/s)
[ingester] Flushed 68 msgs in 642ms (~106 msg/s)
[ingester] Flushed 86 msgs in 1153ms (~75 msg/s)
[ingester] Flushed 27 msgs in 597ms (~45 msg/s)
[ingester] Flushed 35 msgs in 1198ms (~29 msg/s)
[ingester] Flushed 13 msgs in 642ms (~20 msg/s)
[ingester] Flushed 5 msgs in 1144ms (~4 msg/s)
[ingester] Flushed 101 msgs in 602ms (~168 msg/s)
[ingester] Flushed 14 msgs in 603ms (~23 msg/s)
[ingester] Flushed 7 msgs in 602ms (~12 msg/s)
[ingester] Flushed 11 msgs in 636ms (~17 msg/s)
[ingester] Flushed 46 msgs in 641ms (~72 msg/s)
[ingester] Flushed 28 msgs in 1152ms (~24 msg/s)
[ingester] Flushed 53 msgs in 591ms (~90 msg/s)
[ingester] Flushed 5 msgs in 608ms (~8 msg/s)
[ingester] Flushed 34 msgs in 597ms (~57 msg/s)
[ingester] Flushed 31 msgs in 642ms (~48 msg/s)
[ingester] Flushed 78 msgs in 575ms (~136 msg/s)
[ingester] Flushed 7 msgs in 1196ms (~6 msg/s)
[ingester] Flushed 7 msgs in 595ms (~12 msg/s)
[ingester] Flushed 66 msgs in 1189ms (~56 msg/s)
[ingester] Flushed 13 msgs in 585ms (~22 msg/s)
[ingester] Flushed 9 msgs in 642ms (~14 msg/s)
[ingester] Flushed 7 msgs in 600ms (~12 msg/s)
[ingester] Flushed 8 msgs in 609ms (~13 msg/s)
[ingester] Flushed 12 msgs in 643ms (~19 msg/s)
[ingester] Flushed 11 msgs in 637ms (~17 msg/s)
[ingester] Flushed 5 msgs in 584ms (~9 msg/s)
[ingester] Flushed 14 msgs in 583ms (~24 msg/s)
[ingester] Flushed 18 msgs in 635ms (~28 msg/s)
[ingester] Flushed 38 msgs in 594ms (~64 msg/s)
[ingester] Flushed 9 msgs in 599ms (~15 msg/s)
[ingester] Flushed 4 msgs in 598ms (~7 msg/s)
[ingester] Flushed 8 msgs in 593ms (~13 msg/s)
[ingester] Flushed 8 msgs in 1156ms (~7 msg/s)
[ingester] Flushed 18 msgs in 609ms (~30 msg/s)
[ingester] Flushed 36 msgs in 586ms (~61 msg/s)
[ingester] Flushed 46 msgs in 608ms (~76 msg/s)
[ingester] Flushed 56 msgs in 605ms (~93 msg/s)
[ingester] Flushed 25 msgs in 611ms (~41 msg/s)
[ingester] Flushed 32 msgs in 1193ms (~27 msg/s)
[ingester] Flushed 8 msgs in 596ms (~13 msg/s)
[ingester] Flushed 35 msgs in 1179ms (~30 msg/s)
[ingester] Flushed 53 msgs in 600ms (~88 msg/s)
[ingester] Flushed 14 msgs in 601ms (~23 msg/s)
[ingester] Flushed 96 msgs in 606ms (~158 msg/s)
[ingester] Flushed 5 msgs in 590ms (~8 msg/s)
[ingester] Flushed 8 msgs in 592ms (~14 msg/s)
[ingester] Flushed 3 msgs in 604ms (~5 msg/s)
[ingester] Flushed 30 msgs in 609ms (~49 msg/s)
[ingester] Flushed 16 msgs in 597ms (~27 msg/s)
[ingester] Flushed 116 msgs in 597ms (~194 msg/s)
[ingester] Flushed 3 msgs in 604ms (~5 msg/s)
[ingester] Flushed 18 msgs in 597ms (~30 msg/s)
[ingester] Flushed 53 msgs in 1198ms (~44 msg/s)
[ingester] Flushed 42 msgs in 593ms (~71 msg/s)
[ingester] Flushed 12 msgs in 1198ms (~10 msg/s)
[ingester] Flushed 59 msgs in 624ms (~95 msg/s)
[ingester] Flushed 27 msgs in 598ms (~45 msg/s)
[ingester] Flushed 17 msgs in 602ms (~28 msg/s)
[ingester] Flushed 34 msgs in 619ms (~55 msg/s)
[ingester] Flushed 7 msgs in 598ms (~12 msg/s)
[ingester] Flushed 23 msgs in 598ms (~38 msg/s)
[ingester] Flushed 18 msgs in 591ms (~30 msg/s)
[ingester] Flushed 84 msgs in 613ms (~137 msg/s)
[ingester] Flushed 23 msgs in 597ms (~39 msg/s)
[ingester] Flushed 3 msgs in 596ms (~5 msg/s)
[ingester] Flushed 11 msgs in 599ms (~18 msg/s)
[ingester] Flushed 15 msgs in 591ms (~25 msg/s)
[ingester] Flushed 34 msgs in 608ms (~56 msg/s)
[ingester] Flushed 93 msgs in 1195ms (~78 msg/s)
[ingester] Flushed 76 msgs in 587ms (~129 msg/s)
[ingester] Flushed 4 msgs in 596ms (~7 msg/s)
[ingester] Flushed 28 msgs in 619ms (~45 msg/s)
[ingester] Flushed 43 msgs in 1182ms (~36 msg/s)
[ingester] Flushed 21 msgs in 616ms (~34 msg/s)
[ingester] Flushed 50 msgs in 596ms (~84 msg/s)
[ingester] Flushed 70 msgs in 592ms (~118 msg/s)
[ingester] Flushed 133 msgs in 601ms (~221 msg/s)
[ingester] Flushed 7 msgs in 576ms (~12 msg/s)
[ingester] Flushed 38 msgs in 603ms (~63 msg/s)
[ingester] Flushed 13 msgs in 604ms (~22 msg/s)
[ingester] Flushed 36 msgs in 1190ms (~30 msg/s)
[ingester] Flushed 6 msgs in 602ms (~10 msg/s)
[ingester] Flushed 34 msgs in 590ms (~58 msg/s)
[ingester] Flushed 6 msgs in 597ms (~10 msg/s)
[ingester] Flushed 55 msgs in 598ms (~92 msg/s)
[ingester] Flushed 28 msgs in 591ms (~47 msg/s)
[ingester] Flushed 31 msgs in 1173ms (~26 msg/s)
[ingester] Flushed 19 msgs in 594ms (~32 msg/s)
[ingester] Flushed 3 msgs in 594ms (~5 msg/s)
[ingester] Flushed 34 msgs in 597ms (~57 msg/s)
[ingester] Flushed 3 msgs in 605ms (~5 msg/s)
[ingester] Flushed 11 msgs in 596ms (~18 msg/s)
[ingester] Flushed 18 msgs in 595ms (~30 msg/s)
[ingester] Flushed 11 msgs in 588ms (~19 msg/s)
[ingester] Flushed 10 msgs in 609ms (~16 msg/s)
[ingester] Flushed 80 msgs in 596ms (~134 msg/s)
[ingester] Flushed 4 msgs in 597ms (~7 msg/s)
[ingester] Flushed 46 msgs in 596ms (~77 msg/s)
[ingester] Flushed 69 msgs in 1181ms (~58 msg/s)
[ingester] Flushed 9 msgs in 596ms (~15 msg/s)
[ingester] Flushed 22 msgs in 627ms (~35 msg/s)
[ingester] Flushed 6 msgs in 608ms (~10 msg/s)
[ingester] Flushed 64 msgs in 584ms (~110 msg/s)
[ingester] Flushed 109 msgs in 597ms (~183 msg/s)
[ingester] Flushed 7 msgs in 612ms (~11 msg/s)
[ingester] Flushed 36 msgs in 592ms (~61 msg/s)
[ingester] Flushed 6 msgs in 599ms (~10 msg/s)
[ingester] Flushed 18 msgs in 578ms (~31 msg/s)
[ingester] Flushed 6 msgs in 597ms (~10 msg/s)
[ingester] Flushed 57 msgs in 604ms (~94 msg/s)
[ingester] Flushed 33 msgs in 596ms (~55 msg/s)
[ingester] Flushed 7 msgs in 597ms (~12 msg/s)
[ingester] Flushed 6 msgs in 594ms (~10 msg/s)
[ingester] Flushed 30 msgs in 610ms (~49 msg/s)
[ingester] Flushed 5 msgs in 571ms (~9 msg/s)
[ingester] Flushed 6 msgs in 601ms (~10 msg/s)
[ingester] Flushed 16 msgs in 578ms (~28 msg/s)
[ingester] Flushed 16 msgs in 598ms (~27 msg/s)
[ingester] Flushed 88 msgs in 1178ms (~75 msg/s)
[ingester] Flushed 17 msgs in 593ms (~29 msg/s)
[ingester] Flushed 11 msgs in 600ms (~18 msg/s)
[ingester] Flushed 5 msgs in 597ms (~8 msg/s)
[ingester] Flushed 34 msgs in 589ms (~58 msg/s)
[ingester] Flushed 128 msgs in 599ms (~214 msg/s)
[ingester] Flushed 8 msgs in 600ms (~13 msg/s)
[ingester] Flushed 19 msgs in 588ms (~32 msg/s)
[ingester] Flushed 5 msgs in 603ms (~8 msg/s)
[ingester] Flushed 14 msgs in 586ms (~24 msg/s)
[ingester] Flushed 15 msgs in 597ms (~25 msg/s)
[ingester] Flushed 65 msgs in 589ms (~110 msg/s)
[ingester] Flushed 25 msgs in 601ms (~42 msg/s)
[ingester] Flushed 40 msgs in 609ms (~66 msg/s)
[ingester] Flushed 2 msgs in 594ms (~3 msg/s)
[ingester] Flushed 23 msgs in 599ms (~38 msg/s)
[ingester] Flushed 94 msgs in 620ms (~152 msg/s)
[ingester] Flushed 3 msgs in 594ms (~5 msg/s)
[ingester] Flushed 13 msgs in 613ms (~21 msg/s)
[ingester] Flushed 27 msgs in 596ms (~45 msg/s)
[ingester] Flushed 34 msgs in 603ms (~56 msg/s)
[ingester] Flushed 24 msgs in 596ms (~40 msg/s)
[ingester] Flushed 62 msgs in 607ms (~102 msg/s)
[ingester] Flushed 16 msgs in 596ms (~27 msg/s)
[ingester] Flushed 22 msgs in 592ms (~37 msg/s)
[ingester] Flushed 33 msgs in 598ms (~55 msg/s)
[ingester] Flushed 91 msgs in 601ms (~151 msg/s)
[ingester] Flushed 22 msgs in 599ms (~37 msg/s)
[ingester] Flushed 19 msgs in 609ms (~31 msg/s)
[ingester] Flushed 17 msgs in 601ms (~28 msg/s)
[ingester] Flushed 7 msgs in 597ms (~12 msg/s)
[ingester] Flushed 4 msgs in 591ms (~7 msg/s)
[ingester] Flushed 13 msgs in 592ms (~22 msg/s)
[ingester] Flushed 8 msgs in 615ms (~13 msg/s)
[ingester] Flushed 22 msgs in 594ms (~37 msg/s)
[ingester] Flushed 3 msgs in 598ms (~5 msg/s)
[ingester] Flushed 48 msgs in 629ms (~76 msg/s)
[ingester] Flushed 41 msgs in 609ms (~67 msg/s)
[ingester] Flushed 22 msgs in 579ms (~38 msg/s)
[ingester] Flushed 27 msgs in 592ms (~46 msg/s)
[ingester] Flushed 2 msgs in 596ms (~3 msg/s)
[ingester] Flushed 9 msgs in 584ms (~15 msg/s)
[ingester] Flushed 33 msgs in 595ms (~55 msg/s)
[ingester] Flushed 12 msgs in 590ms (~20 msg/s)
[ingester] Flushed 6 msgs in 601ms (~10 msg/s)
[ingester] Flushed 38 msgs in 624ms (~61 msg/s)
[ingester] Flushed 12 msgs in 578ms (~21 msg/s)
[ingester] Flushed 19 msgs in 594ms (~32 msg/s)
[ingester] Flushed 20 msgs in 634ms (~32 msg/s)
[ingester] Flushed 4 msgs in 621ms (~6 msg/s)
[ingester] Flushed 14 msgs in 597ms (~23 msg/s)
[ingester] Flushed 48 msgs in 597ms (~80 msg/s)
[ingester] Flushed 38 msgs in 595ms (~64 msg/s)
[ingester] Flushed 7 msgs in 598ms (~12 msg/s)
[ingester] Flushed 12 msgs in 640ms (~19 msg/s)
[ingester] Flushed 40 msgs in 611ms (~65 msg/s)
[ingester] Flushed 8 msgs in 588ms (~14 msg/s)
[ingester] Flushed 17 msgs in 592ms (~29 msg/s)
[ingester] Flushed 17 msgs in 595ms (~29 msg/s)
[ingester] Flushed 21 msgs in 639ms (~33 msg/s)
[ingester] Flushed 8 msgs in 602ms (~13 msg/s)
[ingester] Flushed 40 msgs in 598ms (~67 msg/s)
[ingester] Flushed 15 msgs in 581ms (~26 msg/s)
[ingester] Flushed 20 msgs in 599ms (~33 msg/s)
[ingester] Flushed 93 msgs in 595ms (~156 msg/s)
[ingester] Flushed 8 msgs in 574ms (~14 msg/s)
[ingester] Flushed 5 msgs in 600ms (~8 msg/s)
[ingester] Flushed 8 msgs in 607ms (~13 msg/s)
[ingester] Flushed 26 msgs in 591ms (~44 msg/s)
[ingester] Flushed 11 msgs in 601ms (~18 msg/s)
[ingester] Flushed 15 msgs in 589ms (~25 msg/s)
[ingester] Flushed 3 msgs in 568ms (~5 msg/s)
[ingester] Flushed 40 msgs in 587ms (~68 msg/s)
[ingester] Flushed 22 msgs in 598ms (~37 msg/s)
[ingester] Flushed 37 msgs in 598ms (~62 msg/s)
[ingester] Flushed 39 msgs in 589ms (~66 msg/s)
[ingester] Flushed 8 msgs in 598ms (~13 msg/s)
[ingester] Flushed 10 msgs in 604ms (~17 msg/s)
[ingester] Flushed 32 msgs in 594ms (~54 msg/s)
[ingester] Flushed 5 msgs in 591ms (~8 msg/s)
[ingester] Flushed 13 msgs in 601ms (~22 msg/s)
[ingester] Flushed 11 msgs in 594ms (~19 msg/s)
[ingester] Flushed 51 msgs in 601ms (~85 msg/s)
[ingester] Flushed 3 msgs in 591ms (~5 msg/s)
[ingester] Flushed 39 msgs in 596ms (~65 msg/s)
[ingester] Flushed 22 msgs in 592ms (~37 msg/s)
[ingester] Flushed 63 msgs in 590ms (~107 msg/s)
[ingester] Flushed 7 msgs in 592ms (~12 msg/s)
[ingester] Flushed 21 msgs in 597ms (~35 msg/s)
[ingester] Flushed 26 msgs in 596ms (~44 msg/s)
[ingester] Flushed 7 msgs in 588ms (~12 msg/s)
[ingester] Flushed 84 msgs in 600ms (~140 msg/s)
[ingester] Flushed 31 msgs in 642ms (~48 msg/s)
[ingester] Flushed 23 msgs in 592ms (~39 msg/s)
[ingester] Flushed 23 msgs in 592ms (~39 msg/s)
[ingester] Flushed 30 msgs in 598ms (~50 msg/s)
[ingester] Flushed 103 msgs in 594ms (~173 msg/s)
[ingester] Flushed 20 msgs in 591ms (~34 msg/s)
[ingester] Flushed 40 msgs in 600ms (~67 msg/s)
[ingester] Flushed 12 msgs in 597ms (~20 msg/s)
[ingester] Flushed 14 msgs in 596ms (~23 msg/s)
[ingester] Flushed 26 msgs in 597ms (~44 msg/s)
[ingester] Flushed 13 msgs in 587ms (~22 msg/s)
[ingester] Flushed 4 msgs in 590ms (~7 msg/s)
[ingester] Flushed 20 msgs in 599ms (~33 msg/s)
[ingester] Flushed 27 msgs in 593ms (~46 msg/s)
[ingester] Flushed 19 msgs in 596ms (~32 msg/s)
[ingester] Flushed 10 msgs in 589ms (~17 msg/s)
[ingester] Flushed 10 msgs in 632ms (~16 msg/s)
[ingester] Flushed 73 msgs in 597ms (~122 msg/s)
[ingester] Flushed 8 msgs in 583ms (~14 msg/s)
[ingester] Flushed 27 msgs in 599ms (~45 msg/s)
[ingester] Flushed 41 msgs in 604ms (~68 msg/s)
[ingester] Flushed 6 msgs in 612ms (~10 msg/s)
[ingester] Flushed 29 msgs in 587ms (~49 msg/s)
[ingester] Flushed 6 msgs in 595ms (~10 msg/s)
[ingester] Flushed 21 msgs in 590ms (~36 msg/s)
[ingester] Flushed 4 msgs in 600ms (~7 msg/s)
[ingester] Flushed 24 msgs in 597ms (~40 msg/s)
[ingester] Flushed 4 msgs in 605ms (~7 msg/s)
[ingester] Flushed 15 msgs in 598ms (~25 msg/s)
[ingester] Flushed 17 msgs in 594ms (~29 msg/s)
[ingester] Flushed 21 msgs in 587ms (~36 msg/s)
[ingester] Flushed 11 msgs in 608ms (~18 msg/s)
[ingester] Flushed 84 msgs in 602ms (~140 msg/s)
[ingester] Flushed 45 msgs in 597ms (~75 msg/s)
[ingester] Flushed 53 msgs in 595ms (~89 msg/s)
[ingester] Flushed 10 msgs in 602ms (~17 msg/s)
[ingester] Flushed 7 msgs in 592ms (~12 msg/s)
[ingester] Flushed 48 msgs in 603ms (~80 msg/s)
[ingester] Flushed 14 msgs in 633ms (~22 msg/s)
[ingester] Flushed 41 msgs in 597ms (~69 msg/s)
[ingester] Flushed 13 msgs in 594ms (~22 msg/s)
[ingester] Flushed 71 msgs in 1150ms (~62 msg/s)
[ingester] Flushed 20 msgs in 619ms (~32 msg/s)
[ingester] Flushed 11 msgs in 595ms (~18 msg/s)
[ingester] Flushed 41 msgs in 611ms (~67 msg/s)
[ingester] Flushed 21 msgs in 591ms (~36 msg/s)
[ingester] Flushed 6 msgs in 601ms (~10 msg/s)
[ingester] Flushed 7 msgs in 604ms (~12 msg/s)
[ingester] Flushed 35 msgs in 585ms (~60 msg/s)
[ingester] Flushed 3 msgs in 633ms (~5 msg/s)
[ingester] Flushed 79 msgs in 591ms (~134 msg/s)
[ingester] Flushed 6 msgs in 602ms (~10 msg/s)
[ingester] Flushed 12 msgs in 591ms (~20 msg/s)
[ingester] Flushed 51 msgs in 588ms (~87 msg/s)
[ingester] Flushed 30 msgs in 636ms (~47 msg/s)
[ingester] Flushed 10 msgs in 603ms (~17 msg/s)
[ingester] Flushed 10 msgs in 595ms (~17 msg/s)
[ingester] Flushed 47 msgs in 603ms (~78 msg/s)
[ingester] Flushed 15 msgs in 594ms (~25 msg/s)
[ingester] Flushed 16 msgs in 607ms (~26 msg/s)
[ingester] Flushed 25 msgs in 596ms (~42 msg/s)
[ingester] Flushed 5 msgs in 589ms (~8 msg/s)
[ingester] Flushed 54 msgs in 604ms (~89 msg/s)
[ingester] Flushed 63 msgs in 595ms (~106 msg/s)
[ingester] Flushed 23 msgs in 594ms (~39 msg/s)
[ingester] Flushed 6 msgs in 590ms (~10 msg/s)
[ingester] Flushed 7 msgs in 598ms (~12 msg/s)
[ingester] Flushed 16 msgs in 595ms (~27 msg/s)
[ingester] Flushed 62 msgs in 596ms (~104 msg/s)
[ingester] Flushed 13 msgs in 603ms (~22 msg/s)
[ingester] Flushed 22 msgs in 590ms (~37 msg/s)
[ingester] Flushed 6 msgs in 593ms (~10 msg/s)
[ingester] Flushed 4 msgs in 597ms (~7 msg/s)
[ingester] Flushed 25 msgs in 596ms (~42 msg/s)
[ingester] Flushed 12 msgs in 581ms (~21 msg/s)
[ingester] Flushed 93 msgs in 600ms (~155 msg/s)
[ingester] Flushed 39 msgs in 597ms (~65 msg/s)
[ingester] Flushed 51 msgs in 595ms (~86 msg/s)
[ingester] Flushed 28 msgs in 607ms (~46 msg/s)
[ingester] Flushed 10 msgs in 604ms (~17 msg/s)
[ingester] Flushed 6 msgs in 588ms (~10 msg/s)
[ingester] Flushed 17 msgs in 666ms (~26 msg/s)
[ingester] Flushed 34 msgs in 603ms (~56 msg/s)
[ingester] Flushed 11 msgs in 595ms (~18 msg/s)
[ingester] Flushed 17 msgs in 599ms (~28 msg/s)
[ingester] Flushed 59 msgs in 603ms (~98 msg/s)
[ingester] Flushed 5 msgs in 604ms (~8 msg/s)
[ingester] Flushed 25 msgs in 602ms (~42 msg/s)
[ingester] Flushed 6 msgs in 591ms (~10 msg/s)
[ingester] Flushed 3 msgs in 616ms (~5 msg/s)
[ingester] Flushed 40 msgs in 596ms (~67 msg/s)
[ingester] Flushed 28 msgs in 600ms (~47 msg/s)
[ingester] Flushed 30 msgs in 599ms (~50 msg/s)
[ingester] Flushed 20 msgs in 593ms (~34 msg/s)
[ingester] Flushed 5 msgs in 594ms (~8 msg/s)
[ingester] Flushed 56 msgs in 596ms (~94 msg/s)
[ingester] Flushed 19 msgs in 592ms (~32 msg/s)
[ingester] Flushed 10 msgs in 595ms (~17 msg/s)
[ingester] Flushed 91 msgs in 591ms (~154 msg/s)
[ingester] Flushed 13 msgs in 598ms (~22 msg/s)
[ingester] Flushed 7 msgs in 595ms (~12 msg/s)
[ingester] Flushed 84 msgs in 599ms (~140 msg/s)
[ingester] Flushed 22 msgs in 598ms (~37 msg/s)
[ingester] Flushed 24 msgs in 1152ms (~21 msg/s)
[ingester] Flushed 4 msgs in 599ms (~7 msg/s)
[ingester] Flushed 19 msgs in 636ms (~30 msg/s)
[ingester] Flushed 37 msgs in 602ms (~61 msg/s)
[ingester] Flushed 22 msgs in 597ms (~37 msg/s)
[ingester] Flushed 9 msgs in 584ms (~15 msg/s)
[ingester] Flushed 13 msgs in 603ms (~22 msg/s)
[ingester] Flushed 8 msgs in 610ms (~13 msg/s)
[ingester] Flushed 25 msgs in 595ms (~42 msg/s)
[ingester] Flushed 27 msgs in 596ms (~45 msg/s)
[ingester] Flushed 45 msgs in 587ms (~77 msg/s)
[ingester] Flushed 4 msgs in 590ms (~7 msg/s)
[ingester] Flushed 8 msgs in 634ms (~13 msg/s)
[ingester] Flushed 30 msgs in 596ms (~50 msg/s)
[ingester] Flushed 14 msgs in 642ms (~22 msg/s)
[ingester] Flushed 105 msgs in 596ms (~176 msg/s)
[ingester] Flushed 8 msgs in 1150ms (~7 msg/s)
[ingester] Flushed 50 msgs in 598ms (~84 msg/s)
[ingester] Flushed 44 msgs in 633ms (~70 msg/s)
[ingester] Flushed 25 msgs in 647ms (~39 msg/s)
[ingester] Flushed 47 msgs in 644ms (~73 msg/s)
[ingester] Flushed 7 msgs in 591ms (~12 msg/s)
[ingester] Flushed 79 msgs in 602ms (~131 msg/s)
[ingester] Flushed 12 msgs in 588ms (~20 msg/s)
[ingester] Flushed 25 msgs in 591ms (~42 msg/s)
[ingester] Flushed 43 msgs in 590ms (~73 msg/s)
[ingester] Flushed 60 msgs in 588ms (~102 msg/s)
[ingester] Flushed 18 msgs in 650ms (~28 msg/s)
[ingester] Flushed 3 msgs in 595ms (~5 msg/s)
[ingester] Flushed 23 msgs in 598ms (~38 msg/s)
[ingester] Flushed 4 msgs in 600ms (~7 msg/s)
[ingester] Flushed 11 msgs in 581ms (~19 msg/s)
[ingester] Flushed 7 msgs in 599ms (~12 msg/s)
[ingester] Flushed 5 msgs in 598ms (~8 msg/s)
[ingester] Flushed 19 msgs in 597ms (~32 msg/s)
[ingester] Flushed 15 msgs in 585ms (~26 msg/s)
[ingester] Flushed 33 msgs in 593ms (~56 msg/s)
[ingester] Flushed 31 msgs in 594ms (~52 msg/s)
[ingester] Flushed 26 msgs in 590ms (~44 msg/s)
[ingester] Flushed 17 msgs in 600ms (~28 msg/s)
[ingester] Flushed 8 msgs in 603ms (~13 msg/s)
[ingester] Flushed 45 msgs in 574ms (~78 msg/s)
[ingester] Flushed 2 msgs in 593ms (~3 msg/s)
[ingester] Flushed 17 msgs in 592ms (~29 msg/s)
[ingester] Flushed 21 msgs in 606ms (~35 msg/s)
[ingester] Flushed 30 msgs in 615ms (~49 msg/s)
[ingester] Flushed 3 msgs in 588ms (~5 msg/s)
[ingester] Flushed 4 msgs in 595ms (~7 msg/s)
[ingester] Flushed 68 msgs in 594ms (~114 msg/s)
[ingester] Flushed 21 msgs in 596ms (~35 msg/s)
[ingester] Flushed 10 msgs in 595ms (~17 msg/s)
[ingester] Flushed 14 msgs in 599ms (~23 msg/s)
[ingester] Flushed 17 msgs in 606ms (~28 msg/s)
[ingester] Flushed 28 msgs in 592ms (~47 msg/s)
[ingester] Flushed 5 msgs in 598ms (~8 msg/s)
[ingester] Flushed 14 msgs in 595ms (~24 msg/s)
[ingester] Flushed 27 msgs in 602ms (~45 msg/s)
[ingester] Flushed 35 msgs in 595ms (~59 msg/s)
[ingester] Flushed 45 msgs in 597ms (~75 msg/s)
[ingester] Flushed 78 msgs in 591ms (~132 msg/s)
[ingester] Flushed 13 msgs in 596ms (~22 msg/s)
[ingester] Flushed 7 msgs in 585ms (~12 msg/s)
[ingester] Flushed 59 msgs in 603ms (~98 msg/s)
[ingester] Flushed 24 msgs in 599ms (~40 msg/s)
[ingester] Flushed 14 msgs in 574ms (~24 msg/s)
[ingester] Flushed 6 msgs in 589ms (~10 msg/s)
[ingester] Flushed 21 msgs in 600ms (~35 msg/s)
[ingester] Flushed 8 msgs in 607ms (~13 msg/s)
[ingester] Flushed 11 msgs in 709ms (~16 msg/s)
[ingester] Flushed 8 msgs in 592ms (~14 msg/s)
[ingester] Flushed 20 msgs in 593ms (~34 msg/s)
[ingester] Flushed 5 msgs in 603ms (~8 msg/s)
[ingester] Flushed 18 msgs in 598ms (~30 msg/s)
[ingester] Flushed 15 msgs in 595ms (~25 msg/s)
[ingester] Flushed 9 msgs in 598ms (~15 msg/s)
[ingester] Flushed 16 msgs in 597ms (~27 msg/s)
[ingester] Flushed 14 msgs in 1141ms (~12 msg/s)
[ingester] Flushed 11 msgs in 659ms (~17 msg/s)
[ingester] Flushed 21 msgs in 602ms (~35 msg/s)
[ingester] Flushed 22 msgs in 641ms (~34 msg/s)
[ingester] Flushed 36 msgs in 603ms (~60 msg/s)
[ingester] Flushed 36 msgs in 649ms (~55 msg/s)
[ingester] Flushed 9 msgs in 1154ms (~8 msg/s)
[ingester] Flushed 14 msgs in 656ms (~21 msg/s)
[ingester] Flushed 7 msgs in 604ms (~12 msg/s)
[ingester] Flushed 16 msgs in 584ms (~27 msg/s)
[ingester] Flushed 64 msgs in 580ms (~110 msg/s)
[ingester] Flushed 14 msgs in 579ms (~24 msg/s)
[ingester] Flushed 6 msgs in 663ms (~9 msg/s)
[ingester] Flushed 4 msgs in 592ms (~7 msg/s)
[ingester] Flushed 43 msgs in 603ms (~71 msg/s)
[ingester] Flushed 13 msgs in 596ms (~22 msg/s)
[ingester] Flushed 20 msgs in 602ms (~33 msg/s)
[ingester] Flushed 63 msgs in 591ms (~107 msg/s)
[ingester] Flushed 72 msgs in 648ms (~111 msg/s)
[ingester] Flushed 55 msgs in 599ms (~92 msg/s)
[ingester] Flushed 18 msgs in 601ms (~30 msg/s)
[ingester] Flushed 28 msgs in 602ms (~47 msg/s)
[ingester] Flushed 12 msgs in 605ms (~20 msg/s)
[ingester] Flushed 5 msgs in 592ms (~8 msg/s)
[ingester] Flushed 14 msgs in 590ms (~24 msg/s)
[ingester] Flushed 27 msgs in 592ms (~46 msg/s)
[ingester] Flushed 23 msgs in 598ms (~38 msg/s)
[ingester] Flushed 13 msgs in 597ms (~22 msg/s)
[ingester] Flushed 8 msgs in 598ms (~13 msg/s)
[ingester] Flushed 7 msgs in 594ms (~12 msg/s)
[ingester] Flushed 7 msgs in 603ms (~12 msg/s)
[ingester] Flushed 6 msgs in 594ms (~10 msg/s)
[ingester] Flushed 4 msgs in 588ms (~7 msg/s)
[ingester] Flushed 27 msgs in 595ms (~45 msg/s)
[ingester] Flushed 4 msgs in 601ms (~7 msg/s)
[ingester] Flushed 16 msgs in 605ms (~26 msg/s)
[ingester] Flushed 4 msgs in 645ms (~6 msg/s)
[ingester] Flushed 18 msgs in 641ms (~28 msg/s)
[ingester] Flushed 8 msgs in 591ms (~14 msg/s)
[ingester] Flushed 4 msgs in 587ms (~7 msg/s)
[ingester] Flushed 24 msgs in 601ms (~40 msg/s)
[ingester] Flushed 6 msgs in 592ms (~10 msg/s)
[ingester] Flushed 31 msgs in 633ms (~49 msg/s)
[ingester] Flushed 34 msgs in 601ms (~57 msg/s)
[ingester] Flushed 35 msgs in 590ms (~59 msg/s)
[ingester] Flushed 15 msgs in 631ms (~24 msg/s)
[ingester] Flushed 28 msgs in 599ms (~47 msg/s)
[ingester] Flushed 34 msgs in 596ms (~57 msg/s)
[ingester] Flushed 27 msgs in 591ms (~46 msg/s)
[ingester] Flushed 7 msgs in 601ms (~12 msg/s)
[ingester] Flushed 16 msgs in 585ms (~27 msg/s)
[ingester] Flushed 19 msgs in 592ms (~32 msg/s)
[ingester] Flushed 19 msgs in 601ms (~32 msg/s)
[ingester] Flushed 81 msgs in 601ms (~135 msg/s)
[ingester] Flushed 107 msgs in 619ms (~173 msg/s)
[ingester] Flushed 6 msgs in 588ms (~10 msg/s)
[ingester] Flushed 17 msgs in 604ms (~28 msg/s)
[ingester] Flushed 82 msgs in 608ms (~135 msg/s)
[ingester] Flushed 22 msgs in 1154ms (~19 msg/s)
[ingester] Flushed 6 msgs in 634ms (~9 msg/s)
[ingester] Flushed 7 msgs in 649ms (~11 msg/s)
[ingester] Flushed 37 msgs in 637ms (~58 msg/s)
[ingester] Flushed 8 msgs in 598ms (~13 msg/s)
[ingester] Flushed 39 msgs in 596ms (~65 msg/s)
[ingester] Flushed 4 msgs in 593ms (~7 msg/s)
[ingester] Flushed 22 msgs in 597ms (~37 msg/s)
[ingester] Flushed 25 msgs in 595ms (~42 msg/s)
[ingester] Flushed 34 msgs in 603ms (~56 msg/s)
[ingester] Flushed 6 msgs in 601ms (~10 msg/s)
[ingester] Flushed 8 msgs in 596ms (~13 msg/s)
[ingester] Flushed 15 msgs in 596ms (~25 msg/s)
[ingester] Flushed 21 msgs in 595ms (~35 msg/s)
[ingester] Flushed 6 msgs in 600ms (~10 msg/s)
[ingester] Flushed 30 msgs in 598ms (~50 msg/s)
[ingester] Flushed 81 msgs in 601ms (~135 msg/s)
[ingester] Flushed 4 msgs in 593ms (~7 msg/s)
[ingester] Flushed 94 msgs in 595ms (~158 msg/s)
[ingester] Flushed 16 msgs in 639ms (~25 msg/s)
[ingester] Flushed 71 msgs in 594ms (~120 msg/s)
[ingester] Flushed 106 msgs in 600ms (~177 msg/s)
[ingester] Flushed 61 msgs in 597ms (~102 msg/s)
[ingester] Flushed 6 msgs in 594ms (~10 msg/s)
[ingester] Flushed 16 msgs in 592ms (~27 msg/s)
[ingester] Flushed 15 msgs in 592ms (~25 msg/s)
[ingester] Flushed 27 msgs in 596ms (~45 msg/s)
[ingester] Flushed 43 msgs in 606ms (~71 msg/s)
[ingester] Flushed 6 msgs in 588ms (~10 msg/s)
[ingester] Flushed 83 msgs in 599ms (~139 msg/s)
[ingester] Flushed 49 msgs in 606ms (~81 msg/s)
[ingester] Flushed 29 msgs in 600ms (~48 msg/s)
[ingester] Flushed 62 msgs in 1196ms (~52 msg/s)
[ingester] Flushed 31 msgs in 593ms (~52 msg/s)
[ingester] Flushed 3 msgs in 594ms (~5 msg/s)
[ingester] Flushed 9 msgs in 604ms (~15 msg/s)
[ingester] Flushed 84 msgs in 591ms (~142 msg/s)
[ingester] Flushed 14 msgs in 590ms (~24 msg/s)
[ingester] Flushed 6 msgs in 594ms (~10 msg/s)
[ingester] Flushed 7 msgs in 587ms (~12 msg/s)
[ingester] Flushed 27 msgs in 609ms (~44 msg/s)
[ingester] Flushed 50 msgs in 591ms (~85 msg/s)
[ingester] Flushed 10 msgs in 591ms (~17 msg/s)
[ingester] Flushed 13 msgs in 588ms (~22 msg/s)
[ingester] Flushed 17 msgs in 597ms (~28 msg/s)
[ingester] Flushed 36 msgs in 600ms (~60 msg/s)
[ingester] Flushed 70 msgs in 597ms (~117 msg/s)
[ingester] Flushed 16 msgs in 633ms (~25 msg/s)
[ingester] Flushed 8 msgs in 591ms (~14 msg/s)
[ingester] Flushed 131 msgs in 596ms (~220 msg/s)
[ingester] Flushed 7 msgs in 605ms (~12 msg/s)
[ingester] Flushed 14 msgs in 599ms (~23 msg/s)
[ingester] Flushed 9 msgs in 590ms (~15 msg/s)
[ingester] Flushed 23 msgs in 594ms (~39 msg/s)
[ingester] Flushed 16 msgs in 601ms (~27 msg/s)
[ingester] Flushed 45 msgs in 598ms (~75 msg/s)
[ingester] Flushed 34 msgs in 642ms (~53 msg/s)
[ingester] Flushed 10 msgs in 597ms (~17 msg/s)
[ingester] Flushed 22 msgs in 589ms (~37 msg/s)
[ingester] Flushed 7 msgs in 594ms (~12 msg/s)
[ingester] Flushed 6 msgs in 613ms (~10 msg/s)
[ingester] Flushed 29 msgs in 593ms (~49 msg/s)
[ingester] Flushed 32 msgs in 587ms (~55 msg/s)
[ingester] Flushed 27 msgs in 593ms (~46 msg/s)
[ingester] Flushed 45 msgs in 592ms (~76 msg/s)
[ingester] Flushed 13 msgs in 591ms (~22 msg/s)
[ingester] Flushed 6 msgs in 579ms (~10 msg/s)
[ingester] Flushed 14 msgs in 595ms (~24 msg/s)
[ingester] Flushed 21 msgs in 583ms (~36 msg/s)
[ingester] Flushed 8 msgs in 591ms (~14 msg/s)
[ingester] Flushed 19 msgs in 597ms (~32 msg/s)
[ingester] Flushed 10 msgs in 589ms (~17 msg/s)
[ingester] Flushed 52 msgs in 606ms (~86 msg/s)
[ingester] Flushed 35 msgs in 599ms (~58 msg/s)
[ingester] Flushed 37 msgs in 602ms (~61 msg/s)
[ingester] Flushed 10 msgs in 594ms (~17 msg/s)
[ingester] Flushed 7 msgs in 597ms (~12 msg/s)
[ingester] Flushed 9 msgs in 597ms (~15 msg/s)
[ingester] Flushed 17 msgs in 606ms (~28 msg/s)
[ingester] Flushed 6 msgs in 595ms (~10 msg/s)
[ingester] Flushed 14 msgs in 594ms (~24 msg/s)
[ingester] Flushed 53 msgs in 592ms (~90 msg/s)
[ingester] Flushed 33 msgs in 584ms (~57 msg/s)
[ingester] Flushed 7 msgs in 596ms (~12 msg/s)
[ingester] Flushed 49 msgs in 642ms (~76 msg/s)
[ingester] Flushed 37 msgs in 592ms (~63 msg/s)
[ingester] Flushed 6 msgs in 600ms (~10 msg/s)
[ingester] Flushed 11 msgs in 601ms (~18 msg/s)
[ingester] Flushed 45 msgs in 604ms (~75 msg/s)
[ingester] Flushed 60 msgs in 598ms (~100 msg/s)
[ingester] Flushed 30 msgs in 599ms (~50 msg/s)
[ingester] Flushed 28 msgs in 587ms (~48 msg/s)
[ingester] Flushed 3 msgs in 594ms (~5 msg/s)
[ingester] Flushed 12 msgs in 597ms (~20 msg/s)
[ingester] Flushed 23 msgs in 598ms (~38 msg/s)
[ingester] Flushed 6 msgs in 589ms (~10 msg/s)
[ingester] Flushed 20 msgs in 579ms (~35 msg/s)
[ingester] Flushed 44 msgs in 644ms (~68 msg/s)
[ingester] Flushed 5 msgs in 603ms (~8 msg/s)
[ingester] Flushed 15 msgs in 596ms (~25 msg/s)
[ingester] Flushed 25 msgs in 606ms (~41 msg/s)
[ingester] Flushed 3 msgs in 595ms (~5 msg/s)
[ingester] Flushed 15 msgs in 593ms (~25 msg/s)
[ingester] Flushed 7 msgs in 573ms (~12 msg/s)
[ingester] Flushed 12 msgs in 613ms (~20 msg/s)
[ingester] Flushed 33 msgs in 601ms (~55 msg/s)
[ingester] Flushed 4 msgs in 600ms (~7 msg/s)
[ingester] Flushed 4 msgs in 599ms (~7 msg/s)
[ingester] Flushed 10 msgs in 598ms (~17 msg/s)
[ingester] Flushed 5 msgs in 594ms (~8 msg/s)
[ingester] Flushed 54 msgs in 601ms (~90 msg/s)
[ingester] Flushed 15 msgs in 599ms (~25 msg/s)
[ingester] Flushed 30 msgs in 593ms (~51 msg/s)
[ingester] Flushed 10 msgs in 595ms (~17 msg/s)
[ingester] Flushed 36 msgs in 599ms (~60 msg/s)
[ingester] Flushed 11 msgs in 593ms (~19 msg/s)
[ingester] Flushed 24 msgs in 602ms (~40 msg/s)
[ingester] Flushed 8 msgs in 591ms (~14 msg/s)
[ingester] Flushed 6 msgs in 598ms (~10 msg/s)
[ingester] Flushed 16 msgs in 596ms (~27 msg/s)
[ingester] Flushed 14 msgs in 600ms (~23 msg/s)
[ingester] Flushed 10 msgs in 581ms (~17 msg/s)
[ingester] Flushed 11 msgs in 589ms (~19 msg/s)
[ingester] Flushed 15 msgs in 595ms (~25 msg/s)
[ingester] Flushed 3 msgs in 598ms (~5 msg/s)
[ingester] Flushed 27 msgs in 599ms (~45 msg/s)
[ingester] Flushed 10 msgs in 604ms (~17 msg/s)
[ingester] Flushed 4 msgs in 610ms (~7 msg/s)
[ingester] Flushed 13 msgs in 599ms (~22 msg/s)
[ingester] Flushed 5 msgs in 592ms (~8 msg/s)
[ingester] Flushed 15 msgs in 590ms (~25 msg/s)
[ingester] Flushed 3 msgs in 594ms (~5 msg/s)
[ingester] Flushed 22 msgs in 600ms (~37 msg/s)
[ingester] Flushed 23 msgs in 585ms (~39 msg/s)
[ingester] Flushed 25 msgs in 1142ms (~22 msg/s)
[ingester] Flushed 5 msgs in 591ms (~8 msg/s)
[ingester] Flushed 11 msgs in 600ms (~18 msg/s)
[ingester] Flushed 42 msgs in 599ms (~70 msg/s)
[ingester] Flushed 14 msgs in 590ms (~24 msg/s)
[ingester] Flushed 9 msgs in 601ms (~15 msg/s)
[ingester] Flushed 34 msgs in 598ms (~57 msg/s)
[ingester] Flushed 5 msgs in 586ms (~9 msg/s)
[ingester] Flushed 4 msgs in 600ms (~7 msg/s)
[ingester] Flushed 43 msgs in 643ms (~67 msg/s)
[ingester] Flushed 36 msgs in 655ms (~55 msg/s)
[ingester] Flushed 6 msgs in 590ms (~10 msg/s)
[ingester] Flushed 10 msgs in 596ms (~17 msg/s)
[ingester] Flushed 27 msgs in 599ms (~45 msg/s)
[ingester] Flushed 29 msgs in 597ms (~49 msg/s)
[ingester] Flushed 29 msgs in 587ms (~49 msg/s)
[ingester] Flushed 7 msgs in 600ms (~12 msg/s)
[ingester] Flushed 23 msgs in 638ms (~36 msg/s)
[ingester] Flushed 46 msgs in 597ms (~77 msg/s)
[ingester] Flushed 6 msgs in 595ms (~10 msg/s)
[ingester] Flushed 18 msgs in 595ms (~30 msg/s)
[ingester] Flushed 15 msgs in 598ms (~25 msg/s)
[ingester] Flushed 9 msgs in 595ms (~15 msg/s)
[ingester] Flushed 64 msgs in 595ms (~108 msg/s)
[ingester] Flushed 19 msgs in 603ms (~32 msg/s)
[ingester] Flushed 23 msgs in 594ms (~39 msg/s)
[ingester] Flushed 9 msgs in 583ms (~15 msg/s)
[ingester] Flushed 25 msgs in 596ms (~42 msg/s)
[ingester] Flushed 4 msgs in 592ms (~7 msg/s)
[ingester] Flushed 12 msgs in 596ms (~20 msg/s)
[ingester] Flushed 15 msgs in 716ms (~21 msg/s)
[ingester] Flushed 64 msgs in 594ms (~108 msg/s)
[ingester] Flushed 23 msgs in 587ms (~39 msg/s)
[ingester] Flushed 12 msgs in 589ms (~20 msg/s)
[ingester] Flushed 36 msgs in 596ms (~60 msg/s)
[ingester] Flushed 56 msgs in 579ms (~97 msg/s)
[ingester] Flushed 7 msgs in 598ms (~12 msg/s)
[ingester] Flushed 43 msgs in 597ms (~72 msg/s)
[ingester] Flushed 8 msgs in 578ms (~14 msg/s)
[ingester] Flushed 38 msgs in 597ms (~64 msg/s)
[ingester] Flushed 53 msgs in 598ms (~89 msg/s)
[ingester] Flushed 27 msgs in 604ms (~45 msg/s)
[ingester] Flushed 10 msgs in 585ms (~17 msg/s)
[ingester] Flushed 41 msgs in 595ms (~69 msg/s)
[ingester] Flushed 16 msgs in 603ms (~27 msg/s)
[ingester] Flushed 45 msgs in 594ms (~76 msg/s)
[ingester] Flushed 26 msgs in 598ms (~43 msg/s)
[ingester] Flushed 8 msgs in 584ms (~14 msg/s)
[ingester] Flushed 9 msgs in 597ms (~15 msg/s)
[ingester] Flushed 20 msgs in 601ms (~33 msg/s)
[ingester] Flushed 27 msgs in 598ms (~45 msg/s)
[ingester] Flushed 17 msgs in 589ms (~29 msg/s)
[ingester] Flushed 7 msgs in 601ms (~12 msg/s)
[ingester] Flushed 21 msgs in 591ms (~36 msg/s)
[ingester] Flushed 23 msgs in 604ms (~38 msg/s)
[ingester] Flushed 36 msgs in 599ms (~60 msg/s)
[ingester] Flushed 7 msgs in 602ms (~12 msg/s)
[ingester] Flushed 5 msgs in 566ms (~9 msg/s)
[ingester] Flushed 28 msgs in 600ms (~47 msg/s)
[ingester] Flushed 10 msgs in 599ms (~17 msg/s)
[ingester] Flushed 43 msgs in 590ms (~73 msg/s)
[ingester] Flushed 28 msgs in 593ms (~47 msg/s)
[ingester] Flushed 53 msgs in 600ms (~88 msg/s)
[ingester] Flushed 51 msgs in 592ms (~86 msg/s)
[ingester] Flushed 38 msgs in 593ms (~64 msg/s)
[ingester] Flushed 3 msgs in 639ms (~5 msg/s)
[ingester] Flushed 53 msgs in 601ms (~88 msg/s)
[ingester] Flushed 6 msgs in 592ms (~10 msg/s)
[ingester] Flushed 23 msgs in 1145ms (~20 msg/s)
[ingester] Flushed 96 msgs in 643ms (~149 msg/s)
[ingester] Flushed 30 msgs in 598ms (~50 msg/s)
[ingester] Flushed 8 msgs in 592ms (~14 msg/s)
[ingester] Flushed 17 msgs in 601ms (~28 msg/s)
[ingester] Flushed 6 msgs in 612ms (~10 msg/s)
[ingester] Flushed 17 msgs in 1147ms (~15 msg/s)
[ingester] Flushed 21 msgs in 590ms (~36 msg/s)
[ingester] Flushed 3 msgs in 594ms (~5 msg/s)
[ingester] Flushed 10 msgs in 596ms (~17 msg/s)
[ingester] Flushed 7 msgs in 598ms (~12 msg/s)
[ingester] Flushed 9 msgs in 598ms (~15 msg/s)
[ingester] Flushed 19 msgs in 1152ms (~16 msg/s)
[ingester] Flushed 11 msgs in 600ms (~18 msg/s)
[ingester] Flushed 15 msgs in 596ms (~25 msg/s)
[ingester] Flushed 21 msgs in 598ms (~35 msg/s)
[ingester] Flushed 17 msgs in 598ms (~28 msg/s)
[ingester] Flushed 32 msgs in 587ms (~55 msg/s)
[ingester] Flushed 8 msgs in 1148ms (~7 msg/s)
[ingester] Flushed 32 msgs in 604ms (~53 msg/s)
[ingester] Flushed 42 msgs in 1142ms (~37 msg/s)
[ingester] Flushed 45 msgs in 603ms (~75 msg/s)
[ingester] Flushed 13 msgs in 602ms (~22 msg/s)
[ingester] Flushed 40 msgs in 599ms (~67 msg/s)
[ingester] Flushed 13 msgs in 599ms (~22 msg/s)
[ingester] Flushed 40 msgs in 649ms (~62 msg/s)
[ingester] Flushed 32 msgs in 609ms (~53 msg/s)
[ingester] Flushed 5 msgs in 589ms (~8 msg/s)
[ingester] Flushed 36 msgs in 646ms (~56 msg/s)
[ingester] Flushed 58 msgs in 596ms (~97 msg/s)
[ingester] Flushed 11 msgs in 585ms (~19 msg/s)
[ingester] Flushed 30 msgs in 639ms (~47 msg/s)
[ingester] Flushed 82 msgs in 603ms (~136 msg/s)
[ingester] Flushed 88 msgs in 598ms (~147 msg/s)
[ingester] Flushed 34 msgs in 604ms (~56 msg/s)
[ingester] Flushed 11 msgs in 586ms (~19 msg/s)
[ingester] Flushed 32 msgs in 601ms (~53 msg/s)
[ingester] Flushed 36 msgs in 590ms (~61 msg/s)
[ingester] Flushed 45 msgs in 588ms (~77 msg/s)
[ingester] Flushed 25 msgs in 599ms (~42 msg/s)
[ingester] Flushed 31 msgs in 596ms (~52 msg/s)
[ingester] Flushed 14 msgs in 645ms (~22 msg/s)
[ingester] Flushed 87 msgs in 643ms (~135 msg/s)
[ingester] Flushed 11 msgs in 603ms (~18 msg/s)
[ingester] Flushed 54 msgs in 644ms (~84 msg/s)
[ingester] Flushed 51 msgs in 594ms (~86 msg/s)
[ingester] Flushed 6 msgs in 594ms (~10 msg/s)
[ingester] Flushed 21 msgs in 602ms (~35 msg/s)
[ingester] Flushed 22 msgs in 590ms (~37 msg/s)
[ingester] Flushed 14 msgs in 644ms (~22 msg/s)
[ingester] Flushed 7 msgs in 597ms (~12 msg/s)
[ingester] Flushed 39 msgs in 647ms (~60 msg/s)
[ingester] Flushed 50 msgs in 611ms (~82 msg/s)
[ingester] Flushed 43 msgs in 597ms (~72 msg/s)
[ingester] Flushed 8 msgs in 604ms (~13 msg/s)
[ingester] Flushed 21 msgs in 594ms (~35 msg/s)
[ingester] Flushed 24 msgs in 593ms (~40 msg/s)
[ingester] Flushed 23 msgs in 615ms (~37 msg/s)
[ingester] Flushed 8 msgs in 596ms (~13 msg/s)
[ingester] Flushed 8 msgs in 639ms (~13 msg/s)
[ingester] Flushed 6 msgs in 598ms (~10 msg/s)
[ingester] Flushed 21 msgs in 572ms (~37 msg/s)
[ingester] Flushed 19 msgs in 595ms (~32 msg/s)
[ingester] Flushed 24 msgs in 602ms (~40 msg/s)
[ingester] Flushed 16 msgs in 598ms (~27 msg/s)
[ingester] Flushed 28 msgs in 594ms (~47 msg/s)
[ingester] Flushed 15 msgs in 606ms (~25 msg/s)
[ingester] Flushed 25 msgs in 593ms (~42 msg/s)
[ingester] Flushed 8 msgs in 588ms (~14 msg/s)
[ingester] Flushed 8 msgs in 597ms (~13 msg/s)
[ingester] Flushed 4 msgs in 1151ms (~3 msg/s)
[ingester] Flushed 5 msgs in 605ms (~8 msg/s)
[ingester] Flushed 34 msgs in 597ms (~57 msg/s)
[ingester] Flushed 40 msgs in 612ms (~65 msg/s)
[ingester] Flushed 58 msgs in 580ms (~100 msg/s)
[ingester] Flushed 19 msgs in 599ms (~32 msg/s)
[ingester] Flushed 83 msgs in 600ms (~138 msg/s)
[ingester] Flushed 24 msgs in 586ms (~41 msg/s)
[ingester] Flushed 22 msgs in 649ms (~34 msg/s)
[ingester] Flushed 20 msgs in 593ms (~34 msg/s)
[ingester] Flushed 43 msgs in 591ms (~73 msg/s)
[ingester] Flushed 4 msgs in 603ms (~7 msg/s)
[ingester] Flushed 8 msgs in 596ms (~13 msg/s)
[ingester] Flushed 3 msgs in 600ms (~5 msg/s)
[ingester] Flushed 28 msgs in 1153ms (~24 msg/s)
[ingester] Flushed 6 msgs in 602ms (~10 msg/s)
[ingester] Flushed 51 msgs in 581ms (~88 msg/s)
[ingester] Flushed 35 msgs in 596ms (~59 msg/s)
[ingester] Flushed 16 msgs in 595ms (~27 msg/s)
[ingester] Flushed 12 msgs in 603ms (~20 msg/s)
[ingester] Flushed 41 msgs in 605ms (~68 msg/s)
[ingester] Flushed 73 msgs in 597ms (~122 msg/s)
[ingester] Flushed 17 msgs in 595ms (~29 msg/s)
[ingester] Flushed 25 msgs in 599ms (~42 msg/s)
[ingester] Flushed 8 msgs in 601ms (~13 msg/s)
[ingester] Flushed 8 msgs in 588ms (~14 msg/s)
[ingester] Flushed 25 msgs in 597ms (~42 msg/s)
[ingester] Flushed 3 msgs in 593ms (~5 msg/s)
[ingester] Flushed 12 msgs in 595ms (~20 msg/s)
[ingester] Flushed 6 msgs in 580ms (~10 msg/s)
[ingester] Flushed 11 msgs in 594ms (~19 msg/s)
[ingester] Flushed 21 msgs in 597ms (~35 msg/s)
[ingester] Flushed 9 msgs in 595ms (~15 msg/s)
[ingester] Flushed 6 msgs in 601ms (~10 msg/s)
[ingester] Flushed 15 msgs in 596ms (~25 msg/s)
[ingester] Flushed 24 msgs in 597ms (~40 msg/s)
[ingester] Flushed 34 msgs in 601ms (~57 msg/s)
[ingester] Flushed 25 msgs in 596ms (~42 msg/s)
[ingester] Flushed 7 msgs in 596ms (~12 msg/s)
[ingester] Flushed 12 msgs in 703ms (~17 msg/s)
[ingester] Flushed 8 msgs in 635ms (~13 msg/s)
[ingester] Flushed 28 msgs in 579ms (~48 msg/s)
[ingester] Flushed 34 msgs in 617ms (~55 msg/s)
[ingester] Flushed 31 msgs in 595ms (~52 msg/s)
[ingester] Flushed 7 msgs in 604ms (~12 msg/s)
[ingester] Flushed 52 msgs in 599ms (~87 msg/s)
[ingester] Flushed 3 msgs in 597ms (~5 msg/s)
[ingester] Flushed 82 msgs in 590ms (~139 msg/s)
[ingester] Flushed 6 msgs in 592ms (~10 msg/s)
[ingester] Flushed 39 msgs in 581ms (~67 msg/s)
[ingester] Flushed 5 msgs in 581ms (~9 msg/s)
[ingester] Flushed 17 msgs in 587ms (~29 msg/s)
[ingester] Flushed 7 msgs in 600ms (~12 msg/s)
[ingester] Flushed 13 msgs in 602ms (~22 msg/s)
[ingester] Flushed 19 msgs in 654ms (~29 msg/s)
[ingester] Flushed 52 msgs in 572ms (~91 msg/s)
[ingester] Flushed 36 msgs in 679ms (~53 msg/s)
[ingester] Flushed 107 msgs in 592ms (~181 msg/s)
[ingester] Flushed 29 msgs in 598ms (~48 msg/s)
[ingester] Flushed 31 msgs in 596ms (~52 msg/s)
[ingester] Flushed 27 msgs in 611ms (~44 msg/s)
[ingester] Flushed 67 msgs in 593ms (~113 msg/s)
[ingester] Flushed 23 msgs in 602ms (~38 msg/s)
[ingester] Flushed 30 msgs in 600ms (~50 msg/s)
[ingester] Flushed 17 msgs in 601ms (~28 msg/s)
[ingester] Flushed 15 msgs in 592ms (~25 msg/s)
[ingester] Flushed 21 msgs in 588ms (~36 msg/s)
[ingester] Flushed 3 msgs in 594ms (~5 msg/s)
[ingester] Flushed 24 msgs in 598ms (~40 msg/s)
[ingester] Flushed 13 msgs in 592ms (~22 msg/s)
[ingester] Flushed 25 msgs in 601ms (~42 msg/s)
[ingester] Flushed 23 msgs in 595ms (~39 msg/s)
[ingester] Flushed 11 msgs in 597ms (~18 msg/s)
[ingester] Flushed 6 msgs in 597ms (~10 msg/s)
[ingester] Flushed 5 msgs in 598ms (~8 msg/s)
[ingester] Flushed 44 msgs in 592ms (~74 msg/s)
[ingester] Flushed 5 msgs in 593ms (~8 msg/s)
[ingester] Flushed 21 msgs in 600ms (~35 msg/s)
[ingester] Flushed 17 msgs in 601ms (~28 msg/s)
[ingester] Flushed 13 msgs in 592ms (~22 msg/s)
[ingester] Flushed 14 msgs in 603ms (~23 msg/s)
[ingester] Flushed 5 msgs in 592ms (~8 msg/s)
[ingester] Flushed 30 msgs in 599ms (~50 msg/s)
[ingester] Flushed 11 msgs in 585ms (~19 msg/s)
[ingester] Flushed 6 msgs in 602ms (~10 msg/s)
[ingester] Flushed 2 msgs in 598ms (~3 msg/s)
[ingester] Flushed 5 msgs in 582ms (~9 msg/s)
[ingester] Flushed 7 msgs in 592ms (~12 msg/s)
[ingester] Flushed 22 msgs in 602ms (~37 msg/s)
[ingester] Flushed 42 msgs in 642ms (~65 msg/s)
[ingester] Flushed 10 msgs in 597ms (~17 msg/s)
[ingester] Flushed 5 msgs in 601ms (~8 msg/s)
[ingester] Flushed 72 msgs in 591ms (~122 msg/s)
[ingester] Flushed 96 msgs in 602ms (~159 msg/s)
[ingester] Flushed 8 msgs in 598ms (~13 msg/s)
[ingester] Flushed 9 msgs in 603ms (~15 msg/s)
[ingester] Flushed 34 msgs in 600ms (~57 msg/s)
[ingester] Flushed 45 msgs in 597ms (~75 msg/s)
[ingester] Flushed 4 msgs in 597ms (~7 msg/s)
[ingester] Flushed 5 msgs in 593ms (~8 msg/s)
[ingester] Flushed 31 msgs in 1146ms (~27 msg/s)
[ingester] Flushed 41 msgs in 600ms (~68 msg/s)
[ingester] Flushed 12 msgs in 602ms (~20 msg/s)
[ingester] Flushed 9 msgs in 643ms (~14 msg/s)
[ingester] Flushed 8 msgs in 605ms (~13 msg/s)
[ingester] Flushed 7 msgs in 598ms (~12 msg/s)
[ingester] Flushed 9 msgs in 602ms (~15 msg/s)
[ingester] Flushed 19 msgs in 595ms (~32 msg/s)
[ingester] Flushed 8 msgs in 605ms (~13 msg/s)
[ingester] Flushed 12 msgs in 598ms (~20 msg/s)
[ingester] Flushed 31 msgs in 601ms (~52 msg/s)
[ingester] Flushed 10 msgs in 598ms (~17 msg/s)
[ingester] Flushed 10 msgs in 587ms (~17 msg/s)
[ingester] Flushed 18 msgs in 595ms (~30 msg/s)
[ingester] Flushed 30 msgs in 598ms (~50 msg/s)
[ingester] Flushed 23 msgs in 651ms (~35 msg/s)
[ingester] Flushed 10 msgs in 652ms (~15 msg/s)
[ingester] Flushed 10 msgs in 710ms (~14 msg/s)
[ingester] Flushed 27 msgs in 595ms (~45 msg/s)
[ingester] Flushed 12 msgs in 599ms (~20 msg/s)
[ingester] Flushed 19 msgs in 603ms (~32 msg/s)
[ingester] Flushed 41 msgs in 597ms (~69 msg/s)
[ingester] Flushed 36 msgs in 593ms (~61 msg/s)
[ingester] Flushed 3 msgs in 591ms (~5 msg/s)
[ingester] Flushed 17 msgs in 597ms (~28 msg/s)
[ingester] Flushed 14 msgs in 588ms (~24 msg/s)
[ingester] Flushed 8 msgs in 596ms (~13 msg/s)
[ingester] Flushed 10 msgs in 602ms (~17 msg/s)
[ingester] Flushed 22 msgs in 611ms (~36 msg/s)
[ingester] Flushed 35 msgs in 584ms (~60 msg/s)
[ingester] Flushed 33 msgs in 591ms (~56 msg/s)
[ingester] Flushed 3 msgs in 593ms (~5 msg/s)
[ingester] Flushed 14 msgs in 609ms (~23 msg/s)
[ingester] Flushed 6 msgs in 591ms (~10 msg/s)
[ingester] Flushed 17 msgs in 596ms (~29 msg/s)
[ingester] Flushed 6 msgs in 601ms (~10 msg/s)
[ingester] Flushed 20 msgs in 604ms (~33 msg/s)
[ingester] Flushed 57 msgs in 593ms (~96 msg/s)
[ingester] Flushed 8 msgs in 590ms (~14 msg/s)
[ingester] Flushed 18 msgs in 594ms (~30 msg/s)
[ingester] Flushed 20 msgs in 599ms (~33 msg/s)
[ingester] Flushed 4 msgs in 584ms (~7 msg/s)
[ingester] Flushed 42 msgs in 592ms (~71 msg/s)
[ingester] Flushed 9 msgs in 605ms (~15 msg/s)
[ingester] Flushed 29 msgs in 592ms (~49 msg/s)
[ingester] Flushed 8 msgs in 598ms (~13 msg/s)
[ingester] Flushed 10 msgs in 590ms (~17 msg/s)
[ingester] Flushed 42 msgs in 640ms (~66 msg/s)
[ingester] Flushed 26 msgs in 607ms (~43 msg/s)
[ingester] Flushed 26 msgs in 601ms (~43 msg/s)
[ingester] Flushed 50 msgs in 608ms (~82 msg/s)
[ingester] Flushed 5 msgs in 598ms (~8 msg/s)
[ingester] Flushed 5 msgs in 594ms (~8 msg/s)
[ingester] Flushed 16 msgs in 593ms (~27 msg/s)
[ingester] Flushed 14 msgs in 599ms (~23 msg/s)
[ingester] Flushed 7 msgs in 595ms (~12 msg/s)
[ingester] Flushed 3 msgs in 597ms (~5 msg/s)
[ingester] Flushed 101 msgs in 595ms (~170 msg/s)
[ingester] Flushed 7 msgs in 592ms (~12 msg/s)
[ingester] Flushed 45 msgs in 602ms (~75 msg/s)
[ingester] Flushed 11 msgs in 595ms (~18 msg/s)
[ingester] Flushed 32 msgs in 596ms (~54 msg/s)
[ingester] Flushed 15 msgs in 596ms (~25 msg/s)
[ingester] Flushed 20 msgs in 594ms (~34 msg/s)
[ingester] Flushed 29 msgs in 1142ms (~25 msg/s)
[ingester] Flushed 49 msgs in 599ms (~82 msg/s)
[ingester] Flushed 7 msgs in 591ms (~12 msg/s)
[ingester] Flushed 21 msgs in 597ms (~35 msg/s)
[ingester] Flushed 16 msgs in 591ms (~27 msg/s)
[ingester] Flushed 27 msgs in 589ms (~46 msg/s)
[ingester] Flushed 54 msgs in 602ms (~90 msg/s)
[ingester] Flushed 42 msgs in 597ms (~70 msg/s)
[ingester] Flushed 10 msgs in 594ms (~17 msg/s)
[ingester] Flushed 6 msgs in 600ms (~10 msg/s)
[ingester] Flushed 27 msgs in 598ms (~45 msg/s)
[ingester] Flushed 5 msgs in 593ms (~8 msg/s)
[ingester] Flushed 6 msgs in 596ms (~10 msg/s)
[ingester] Flushed 45 msgs in 599ms (~75 msg/s)
[ingester] Flushed 6 msgs in 611ms (~10 msg/s)
[ingester] Flushed 97 msgs in 573ms (~169 msg/s)
[ingester] Flushed 8 msgs in 600ms (~13 msg/s)
[ingester] Flushed 16 msgs in 592ms (~27 msg/s)
[ingester] Flushed 13 msgs in 595ms (~22 msg/s)
[ingester] Flushed 17 msgs in 586ms (~29 msg/s)
[ingester] Flushed 28 msgs in 597ms (~47 msg/s)
[ingester] Flushed 93 msgs in 589ms (~158 msg/s)
[ingester] Flushed 2 msgs in 598ms (~3 msg/s)
[ingester] Flushed 7 msgs in 588ms (~12 msg/s)
[ingester] Flushed 26 msgs in 604ms (~43 msg/s)
[ingester] Flushed 31 msgs in 599ms (~52 msg/s)
[ingester] Flushed 6 msgs in 598ms (~10 msg/s)
[ingester] Flushed 45 msgs in 599ms (~75 msg/s)
[ingester] Flushed 4 msgs in 601ms (~7 msg/s)
[ingester] Flushed 10 msgs in 585ms (~17 msg/s)
[ingester] Flushed 9 msgs in 644ms (~14 msg/s)
[ingester] Flushed 20 msgs in 601ms (~33 msg/s)
[ingester] Flushed 49 msgs in 584ms (~84 msg/s)
[ingester] Flushed 47 msgs in 598ms (~79 msg/s)
[ingester] Flushed 11 msgs in 605ms (~18 msg/s)
[ingester] Flushed 3 msgs in 595ms (~5 msg/s)
[ingester] Flushed 57 msgs in 1148ms (~50 msg/s)
[ingester] Flushed 9 msgs in 596ms (~15 msg/s)
[ingester] Flushed 7 msgs in 587ms (~12 msg/s)
[ingester] Flushed 5 msgs in 585ms (~9 msg/s)
[ingester] Flushed 12 msgs in 599ms (~20 msg/s)
[ingester] Flushed 19 msgs in 594ms (~32 msg/s)
[ingester] Flushed 16 msgs in 598ms (~27 msg/s)
[ingester] Flushed 48 msgs in 645ms (~74 msg/s)
[ingester] Flushed 84 msgs in 613ms (~137 msg/s)
[ingester] Flushed 25 msgs in 637ms (~39 msg/s)
[ingester] Flushed 16 msgs in 642ms (~25 msg/s)
[ingester] Flushed 25 msgs in 595ms (~42 msg/s)
[ingester] Flushed 62 msgs in 1130ms (~55 msg/s)
[ingester] Flushed 5 msgs in 641ms (~8 msg/s)
[ingester] Flushed 44 msgs in 598ms (~74 msg/s)
[ingester] Flushed 74 msgs in 596ms (~124 msg/s)
[ingester] Flushed 51 msgs in 594ms (~86 msg/s)
[ingester] Flushed 8 msgs in 595ms (~13 msg/s)
[ingester] Flushed 11 msgs in 593ms (~19 msg/s)
[ingester] Flushed 13 msgs in 596ms (~22 msg/s)
[ingester] Flushed 61 msgs in 589ms (~104 msg/s)
[ingester] Flushed 6 msgs in 597ms (~10 msg/s)
[ingester] Flushed 14 msgs in 595ms (~24 msg/s)
[ingester] Flushed 8 msgs in 581ms (~14 msg/s)
[ingester] Flushed 7 msgs in 616ms (~11 msg/s)
[ingester] Flushed 10 msgs in 604ms (~17 msg/s)
[ingester] Flushed 8 msgs in 594ms (~13 msg/s)
[ingester] Flushed 3 msgs in 590ms (~5 msg/s)
[ingester] Flushed 44 msgs in 1153ms (~38 msg/s)
[ingester] Flushed 56 msgs in 644ms (~87 msg/s)
[ingester] Flushed 24 msgs in 596ms (~40 msg/s)
[ingester] Flushed 78 msgs in 594ms (~131 msg/s)
[ingester] Flushed 75 msgs in 591ms (~127 msg/s)
[ingester] Flushed 38 msgs in 724ms (~52 msg/s)
[ingester] Flushed 2 msgs in 598ms (~3 msg/s)
[ingester] Flushed 7 msgs in 591ms (~12 msg/s)
[ingester] Flushed 28 msgs in 600ms (~47 msg/s)
[ingester] Flushed 31 msgs in 599ms (~52 msg/s)
[ingester] Flushed 5 msgs in 643ms (~8 msg/s)
[ingester] Flushed 10 msgs in 601ms (~17 msg/s)
[ingester] Flushed 25 msgs in 644ms (~39 msg/s)
[ingester] Flushed 14 msgs in 582ms (~24 msg/s)
[ingester] Flushed 8 msgs in 600ms (~13 msg/s)
[ingester] Flushed 5 msgs in 597ms (~8 msg/s)
[ingester] Flushed 74 msgs in 600ms (~123 msg/s)
[ingester] Flushed 7 msgs in 595ms (~12 msg/s)
[ingester] Flushed 13 msgs in 594ms (~22 msg/s)
[ingester] Flushed 101 msgs in 595ms (~170 msg/s)
[ingester] Flushed 34 msgs in 604ms (~56 msg/s)
[ingester] Flushed 23 msgs in 589ms (~39 msg/s)
[ingester] Flushed 19 msgs in 601ms (~32 msg/s)
[ingester] Flushed 14 msgs in 608ms (~23 msg/s)
[ingester] Flushed 38 msgs in 1151ms (~33 msg/s)
[ingester] Flushed 28 msgs in 603ms (~46 msg/s)
[ingester] Flushed 22 msgs in 599ms (~37 msg/s)
[ingester] Flushed 78 msgs in 598ms (~130 msg/s)
[ingester] Flushed 33 msgs in 597ms (~55 msg/s)
[ingester] Flushed 2 msgs in 581ms (~3 msg/s)
[ingester] Flushed 14 msgs in 600ms (~23 msg/s)
[ingester] Flushed 36 msgs in 594ms (~61 msg/s)
[ingester] Flushed 20 msgs in 646ms (~31 msg/s)
[ingester] Flushed 39 msgs in 594ms (~66 msg/s)
[ingester] Flushed 36 msgs in 600ms (~60 msg/s)
[ingester] Flushed 11 msgs in 587ms (~19 msg/s)
[ingester] Flushed 37 msgs in 606ms (~61 msg/s)
[ingester] Flushed 31 msgs in 605ms (~51 msg/s)
[ingester] Flushed 17 msgs in 596ms (~29 msg/s)
[ingester] Flushed 22 msgs in 591ms (~37 msg/s)
[ingester] Flushed 12 msgs in 609ms (~20 msg/s)
[ingester] Flushed 66 msgs in 643ms (~103 msg/s)
[ingester] Flushed 22 msgs in 597ms (~37 msg/s)
[ingester] Flushed 27 msgs in 596ms (~45 msg/s)
[ingester] Flushed 40 msgs in 596ms (~67 msg/s)
[ingester] Flushed 96 msgs in 560ms (~171 msg/s)
[ingester] Flushed 7 msgs in 593ms (~12 msg/s)
[ingester] Flushed 10 msgs in 601ms (~17 msg/s)
[ingester] Flushed 32 msgs in 598ms (~54 msg/s)
[ingester] Flushed 100 msgs in 592ms (~169 msg/s)
[ingester] Flushed 13 msgs in 643ms (~20 msg/s)
[ingester] Flushed 55 msgs in 603ms (~91 msg/s)
[ingester] Flushed 5 msgs in 585ms (~9 msg/s)
[ingester] Flushed 3 msgs in 596ms (~5 msg/s)
[ingester] Flushed 9 msgs in 1149ms (~8 msg/s)
[ingester] Flushed 14 msgs in 597ms (~23 msg/s)
[ingester] Flushed 6 msgs in 598ms (~10 msg/s)
[ingester] Flushed 48 msgs in 605ms (~79 msg/s)
[ingester] Flushed 15 msgs in 598ms (~25 msg/s)
[ingester] Flushed 35 msgs in 601ms (~58 msg/s)
[ingester] Flushed 14 msgs in 619ms (~23 msg/s)
[ingester] Flushed 10 msgs in 596ms (~17 msg/s)
[ingester] Flushed 36 msgs in 600ms (~60 msg/s)
[ingester] Flushed 29 msgs in 615ms (~47 msg/s)
[ingester] Flushed 42 msgs in 600ms (~70 msg/s)
[ingester] Flushed 53 msgs in 599ms (~88 msg/s)
[ingester] Flushed 77 msgs in 600ms (~128 msg/s)
[ingester] Flushed 8 msgs in 599ms (~13 msg/s)
[ingester] Flushed 5 msgs in 595ms (~8 msg/s)
[ingester] Flushed 22 msgs in 594ms (~37 msg/s)
[ingester] Flushed 35 msgs in 592ms (~59 msg/s)
[ingester] Flushed 28 msgs in 600ms (~47 msg/s)
[ingester] Flushed 17 msgs in 601ms (~28 msg/s)
[ingester] Flushed 32 msgs in 587ms (~55 msg/s)
[ingester] Flushed 27 msgs in 596ms (~45 msg/s)
[ingester] Flushed 29 msgs in 595ms (~49 msg/s)
[ingester] Flushed 45 msgs in 635ms (~71 msg/s)
[ingester] Flushed 4 msgs in 594ms (~7 msg/s)
[ingester] Flushed 8 msgs in 597ms (~13 msg/s)
[ingester] Flushed 37 msgs in 594ms (~62 msg/s)
[ingester] Flushed 9 msgs in 594ms (~15 msg/s)
[ingester] Flushed 9 msgs in 595ms (~15 msg/s)
[ingester] Flushed 29 msgs in 1177ms (~25 msg/s)
[ingester] Flushed 29 msgs in 598ms (~48 msg/s)
[ingester] Flushed 32 msgs in 602ms (~53 msg/s)
[ingester] Flushed 21 msgs in 595ms (~35 msg/s)
[ingester] Flushed 5 msgs in 600ms (~8 msg/s)
[ingester] Flushed 15 msgs in 592ms (~25 msg/s)
[ingester] Flushed 9 msgs in 1175ms (~8 msg/s)
[ingester] Flushed 8 msgs in 594ms (~13 msg/s)
[ingester] Flushed 11 msgs in 597ms (~18 msg/s)
[ingester] Flushed 6 msgs in 592ms (~10 msg/s)
[ingester] Flushed 16 msgs in 590ms (~27 msg/s)
[ingester] Flushed 60 msgs in 600ms (~100 msg/s)
[ingester] Flushed 22 msgs in 605ms (~36 msg/s)
[ingester] Flushed 15 msgs in 593ms (~25 msg/s)
[ingester] Flushed 3 msgs in 614ms (~5 msg/s)
[ingester] Flushed 21 msgs in 595ms (~35 msg/s)
[ingester] Flushed 4 msgs in 615ms (~7 msg/s)
[ingester] Flushed 14 msgs in 581ms (~24 msg/s)
[ingester] Flushed 12 msgs in 1182ms (~10 msg/s)
[ingester] Flushed 9 msgs in 656ms (~14 msg/s)
[ingester] Flushed 29 msgs in 593ms (~49 msg/s)
[ingester] Flushed 7 msgs in 590ms (~12 msg/s)
[ingester] Flushed 16 msgs in 590ms (~27 msg/s)
[ingester] Flushed 14 msgs in 590ms (~24 msg/s)
[ingester] Flushed 23 msgs in 604ms (~38 msg/s)
[ingester] Flushed 54 msgs in 601ms (~90 msg/s)
[ingester] Flushed 24 msgs in 611ms (~39 msg/s)
[ingester] Flushed 4 msgs in 598ms (~7 msg/s)
[ingester] Flushed 2 msgs in 601ms (~3 msg/s)
[ingester] Flushed 27 msgs in 603ms (~45 msg/s)
[ingester] Flushed 25 msgs in 617ms (~41 msg/s)
[ingester] Flushed 7 msgs in 596ms (~12 msg/s)
[ingester] Flushed 17 msgs in 598ms (~28 msg/s)
[ingester] Flushed 23 msgs in 596ms (~39 msg/s)
[ingester] Flushed 20 msgs in 592ms (~34 msg/s)
[ingester] Flushed 25 msgs in 608ms (~41 msg/s)
[ingester] Flushed 45 msgs in 592ms (~76 msg/s)
[ingester] Flushed 15 msgs in 595ms (~25 msg/s)
[ingester] Flushed 91 msgs in 594ms (~153 msg/s)
[ingester] Flushed 29 msgs in 593ms (~49 msg/s)
[ingester] Flushed 12 msgs in 591ms (~20 msg/s)
[ingester] Flushed 28 msgs in 602ms (~47 msg/s)
[ingester] Flushed 10 msgs in 592ms (~17 msg/s)
[ingester] Flushed 12 msgs in 596ms (~20 msg/s)
[ingester] Flushed 7 msgs in 592ms (~12 msg/s)
[ingester] Flushed 18 msgs in 597ms (~30 msg/s)
[ingester] Flushed 11 msgs in 594ms (~19 msg/s)
[ingester] Flushed 17 msgs in 598ms (~28 msg/s)
[ingester] Flushed 1 msgs in 584ms (~2 msg/s)
[ingester] Flushed 15 msgs in 601ms (~25 msg/s)
[ingester] Flushed 11 msgs in 586ms (~19 msg/s)
[ingester] Flushed 4 msgs in 602ms (~7 msg/s)
[ingester] Flushed 10 msgs in 594ms (~17 msg/s)
[ingester] Flushed 6 msgs in 598ms (~10 msg/s)
[ingester] Flushed 52 msgs in 601ms (~87 msg/s)
[ingester] Flushed 44 msgs in 593ms (~74 msg/s)
[ingester] Flushed 34 msgs in 596ms (~57 msg/s)
[ingester] Flushed 5 msgs in 598ms (~8 msg/s)
[ingester] Flushed 17 msgs in 598ms (~28 msg/s)
[ingester] Flushed 17 msgs in 589ms (~29 msg/s)
[ingester] Flushed 27 msgs in 557ms (~48 msg/s)
[ingester] Flushed 25 msgs in 596ms (~42 msg/s)
[ingester] Flushed 81 msgs in 606ms (~134 msg/s)
[ingester] Flushed 7 msgs in 595ms (~12 msg/s)
[ingester] Flushed 18 msgs in 594ms (~30 msg/s)
[ingester] Flushed 83 msgs in 604ms (~137 msg/s)
[ingester] Flushed 17 msgs in 606ms (~28 msg/s)
[ingester] Flushed 68 msgs in 594ms (~114 msg/s)
[ingester] Flushed 37 msgs in 582ms (~64 msg/s)
[ingester] Flushed 19 msgs in 596ms (~32 msg/s)
[ingester] Flushed 69 msgs in 600ms (~115 msg/s)
[ingester] Flushed 6 msgs in 596ms (~10 msg/s)
[ingester] Flushed 14 msgs in 598ms (~23 msg/s)
[ingester] Flushed 12 msgs in 597ms (~20 msg/s)
[ingester] Flushed 30 msgs in 588ms (~51 msg/s)
[ingester] Flushed 14 msgs in 596ms (~23 msg/s)
[ingester] Flushed 30 msgs in 594ms (~51 msg/s)
[ingester] Flushed 6 msgs in 603ms (~10 msg/s)
[ingester] Flushed 41 msgs in 590ms (~69 msg/s)
[ingester] Flushed 19 msgs in 594ms (~32 msg/s)
[ingester] Flushed 8 msgs in 601ms (~13 msg/s)
[ingester] Flushed 13 msgs in 595ms (~22 msg/s)
[ingester] Flushed 14 msgs in 602ms (~23 msg/s)
[ingester] Flushed 10 msgs in 581ms (~17 msg/s)
[ingester] Flushed 11 msgs in 1184ms (~9 msg/s)
[ingester] Flushed 49 msgs in 587ms (~83 msg/s)
[ingester] Flushed 16 msgs in 592ms (~27 msg/s)
[ingester] Flushed 83 msgs in 605ms (~137 msg/s)
[ingester] Flushed 38 msgs in 605ms (~63 msg/s)
[ingester] Flushed 36 msgs in 593ms (~61 msg/s)
[ingester] Flushed 32 msgs in 593ms (~54 msg/s)
[ingester] Flushed 68 msgs in 600ms (~113 msg/s)
[ingester] Flushed 4 msgs in 609ms (~7 msg/s)
[ingester] Flushed 44 msgs in 599ms (~73 msg/s)
[ingester] Flushed 102 msgs in 595ms (~171 msg/s)
[ingester] Flushed 17 msgs in 593ms (~29 msg/s)
[ingester] Flushed 8 msgs in 588ms (~14 msg/s)
[ingester] Flushed 26 msgs in 595ms (~44 msg/s)
[ingester] Flushed 27 msgs in 1180ms (~23 msg/s)
[ingester] Flushed 52 msgs in 590ms (~88 msg/s)
[ingester] Flushed 28 msgs in 597ms (~47 msg/s)
[ingester] Flushed 10 msgs in 596ms (~17 msg/s)
[ingester] Flushed 35 msgs in 594ms (~59 msg/s)
[ingester] Flushed 7 msgs in 595ms (~12 msg/s)
[ingester] Flushed 64 msgs in 597ms (~107 msg/s)
[ingester] Flushed 8 msgs in 578ms (~14 msg/s)
[ingester] Flushed 8 msgs in 598ms (~13 msg/s)
[ingester] Flushed 29 msgs in 606ms (~48 msg/s)
[ingester] Flushed 4 msgs in 595ms (~7 msg/s)
[ingester] Flushed 8 msgs in 599ms (~13 msg/s)
[ingester] Flushed 24 msgs in 595ms (~40 msg/s)
[ingester] Flushed 7 msgs in 595ms (~12 msg/s)
[ingester] Flushed 8 msgs in 607ms (~13 msg/s)
[ingester] Flushed 6 msgs in 591ms (~10 msg/s)
[ingester] Flushed 139 msgs in 593ms (~234 msg/s)
[ingester] Flushed 13 msgs in 589ms (~22 msg/s)
[ingester] Flushed 16 msgs in 597ms (~27 msg/s)
[ingester] Flushed 29 msgs in 598ms (~48 msg/s)
[ingester] Flushed 9 msgs in 593ms (~15 msg/s)
[ingester] Flushed 27 msgs in 597ms (~45 msg/s)
[ingester] Flushed 6 msgs in 594ms (~10 msg/s)
[ingester] Flushed 10 msgs in 589ms (~17 msg/s)
[ingester] Flushed 4 msgs in 593ms (~7 msg/s)
[ingester] Flushed 72 msgs in 592ms (~122 msg/s)
[ingester] Flushed 5 msgs in 597ms (~8 msg/s)
[ingester] Flushed 61 msgs in 614ms (~99 msg/s)
[ingester] Flushed 34 msgs in 1184ms (~29 msg/s)
[ingester] Flushed 17 msgs in 599ms (~28 msg/s)
[ingester] Flushed 12 msgs in 624ms (~19 msg/s)
[ingester] Flushed 15 msgs in 591ms (~25 msg/s)
[ingester] Flushed 3 msgs in 607ms (~5 msg/s)
[ingester] Flushed 14 msgs in 593ms (~24 msg/s)
[ingester] Flushed 23 msgs in 580ms (~40 msg/s)
[ingester] Flushed 5 msgs in 590ms (~8 msg/s)
[ingester] Flushed 21 msgs in 608ms (~35 msg/s)
[ingester] Flushed 7 msgs in 589ms (~12 msg/s)
[ingester] Flushed 35 msgs in 592ms (~59 msg/s)
[ingester] Flushed 35 msgs in 599ms (~58 msg/s)
[ingester] Flushed 34 msgs in 598ms (~57 msg/s)
[ingester] Flushed 18 msgs in 591ms (~30 msg/s)
[ingester] Flushed 12 msgs in 1181ms (~10 msg/s)
[ingester] Flushed 32 msgs in 606ms (~53 msg/s)
[ingester] Flushed 15 msgs in 598ms (~25 msg/s)
[ingester] Flushed 9 msgs in 595ms (~15 msg/s)
[ingester] Flushed 7 msgs in 606ms (~12 msg/s)
[ingester] Flushed 5 msgs in 596ms (~8 msg/s)
[ingester] Flushed 35 msgs in 612ms (~57 msg/s)
[ingester] Flushed 48 msgs in 601ms (~80 msg/s)
[ingester] Flushed 3 msgs in 601ms (~5 msg/s)
[ingester] Flushed 17 msgs in 596ms (~29 msg/s)
[ingester] Flushed 28 msgs in 601ms (~47 msg/s)
[ingester] Flushed 12 msgs in 625ms (~19 msg/s)
[ingester] Flushed 11 msgs in 602ms (~18 msg/s)
[ingester] Flushed 10 msgs in 592ms (~17 msg/s)
[ingester] Flushed 5 msgs in 592ms (~8 msg/s)
[ingester] Flushed 15 msgs in 586ms (~26 msg/s)
[ingester] Flushed 23 msgs in 607ms (~38 msg/s)
[ingester] Flushed 9 msgs in 571ms (~16 msg/s)
[ingester] Flushed 18 msgs in 593ms (~30 msg/s)
[ingester] Flushed 32 msgs in 596ms (~54 msg/s)
[ingester] Flushed 29 msgs in 605ms (~48 msg/s)
[ingester] Flushed 10 msgs in 588ms (~17 msg/s)
[ingester] Flushed 105 msgs in 1169ms (~90 msg/s)
[ingester] Flushed 124 msgs in 595ms (~208 msg/s)
[ingester] Flushed 19 msgs in 597ms (~32 msg/s)
[ingester] Flushed 6 msgs in 596ms (~10 msg/s)
[ingester] Flushed 7 msgs in 593ms (~12 msg/s)
[ingester] Flushed 13 msgs in 612ms (~21 msg/s)
[ingester] Flushed 7 msgs in 590ms (~12 msg/s)
[ingester] Flushed 69 msgs in 595ms (~116 msg/s)
[ingester] Flushed 23 msgs in 611ms (~38 msg/s)
[ingester] Flushed 32 msgs in 585ms (~55 msg/s)
[ingester] Flushed 2 msgs in 591ms (~3 msg/s)
[ingester] Flushed 41 msgs in 592ms (~69 msg/s)
[ingester] Flushed 8 msgs in 605ms (~13 msg/s)
[ingester] Flushed 40 msgs in 602ms (~66 msg/s)
[ingester] Flushed 11 msgs in 600ms (~18 msg/s)
[ingester] Flushed 44 msgs in 591ms (~74 msg/s)
[ingester] Flushed 8 msgs in 591ms (~14 msg/s)
[ingester] Flushed 12 msgs in 585ms (~21 msg/s)
[ingester] Flushed 37 msgs in 591ms (~63 msg/s)
[ingester] Flushed 19 msgs in 589ms (~32 msg/s)
[ingester] Flushed 18 msgs in 604ms (~30 msg/s)
[ingester] Flushed 6 msgs in 590ms (~10 msg/s)
[ingester] Flushed 12 msgs in 621ms (~19 msg/s)
[ingester] Flushed 26 msgs in 583ms (~45 msg/s)
[ingester] Flushed 3 msgs in 611ms (~5 msg/s)
[ingester] Flushed 30 msgs in 597ms (~50 msg/s)
[ingester] Flushed 26 msgs in 605ms (~43 msg/s)
[ingester] Flushed 13 msgs in 649ms (~20 msg/s)
[ingester] Flushed 47 msgs in 596ms (~79 msg/s)
[ingester] Flushed 25 msgs in 581ms (~43 msg/s)
[ingester] Flushed 11 msgs in 602ms (~18 msg/s)
[ingester] Flushed 32 msgs in 589ms (~54 msg/s)
[ingester] Flushed 16 msgs in 599ms (~27 msg/s)
[ingester] Flushed 16 msgs in 594ms (~27 msg/s)
[ingester] Flushed 31 msgs in 591ms (~52 msg/s)
[ingester] Flushed 61 msgs in 614ms (~99 msg/s)
[ingester] Flushed 59 msgs in 586ms (~101 msg/s)
[ingester] Flushed 17 msgs in 598ms (~28 msg/s)
[ingester] Flushed 5 msgs in 588ms (~9 msg/s)
[ingester] Flushed 6 msgs in 606ms (~10 msg/s)
[ingester] Flushed 57 msgs in 595ms (~96 msg/s)
[ingester] Flushed 16 msgs in 600ms (~27 msg/s)
[ingester] Flushed 21 msgs in 591ms (~36 msg/s)
[ingester] Flushed 6 msgs in 598ms (~10 msg/s)
[ingester] Flushed 78 msgs in 577ms (~135 msg/s)
[ingester] Flushed 56 msgs in 591ms (~95 msg/s)
[ingester] Flushed 24 msgs in 602ms (~40 msg/s)
[ingester] Flushed 39 msgs in 568ms (~69 msg/s)
[ingester] Flushed 15 msgs in 597ms (~25 msg/s)
[ingester] Flushed 57 msgs in 597ms (~95 msg/s)
[ingester] Flushed 14 msgs in 596ms (~23 msg/s)
[ingester] Flushed 35 msgs in 599ms (~58 msg/s)
[ingester] Flushed 6 msgs in 596ms (~10 msg/s)
[ingester] Flushed 44 msgs in 596ms (~74 msg/s)
[ingester] Flushed 25 msgs in 613ms (~41 msg/s)
[ingester] Flushed 28 msgs in 583ms (~48 msg/s)
[ingester] Flushed 6 msgs in 596ms (~10 msg/s)
[ingester] Flushed 48 msgs in 592ms (~81 msg/s)
[ingester] Flushed 4 msgs in 570ms (~7 msg/s)
[ingester] Flushed 33 msgs in 608ms (~54 msg/s)
[ingester] Flushed 42 msgs in 590ms (~71 msg/s)
[ingester] Flushed 44 msgs in 589ms (~75 msg/s)
[ingester] Flushed 26 msgs in 600ms (~43 msg/s)
